{"C:\\kwccproject\\pickplay\\pickplay\\app\\splash.tsx": {"path":"C:\\kwccproject\\pickplay\\pickplay\\app\\splash.tsx","statementMap":{"0":{"start":{"line":7,"column":0},"end":{"line":7,"column":24}},"1":{"start":{"line":1,"column":0},"end":{"line":1,"column":59}},"2":{"start":{"line":2,"column":0},"end":{"line":2,"column":76}},"3":{"start":{"line":3,"column":0},"end":{"line":3,"column":37}},"4":{"start":{"line":5,"column":18},"end":{"line":5,"column":42}},"5":{"start":{"line":8,"column":40},"end":{"line":8,"column":56}},"6":{"start":{"line":9,"column":22},"end":{"line":9,"column":59}},"7":{"start":{"line":10,"column":20},"end":{"line":10,"column":57}},"8":{"start":{"line":12,"column":19},"end":{"line":12,"column":86}},"9":{"start":{"line":14,"column":2},"end":{"line":55,"column":38}},"10":{"start":{"line":16,"column":4},"end":{"line":27,"column":15}},"11":{"start":{"line":30,"column":4},"end":{"line":36,"column":12}},"12":{"start":{"line":31,"column":6},"end":{"line":35,"column":17}},"13":{"start":{"line":39,"column":15},"end":{"line":39,"column":16}},"14":{"start":{"line":40,"column":28},"end":{"line":43,"column":11}},"15":{"start":{"line":41,"column":6},"end":{"line":41,"column":28}},"16":{"start":{"line":42,"column":6},"end":{"line":42,"column":55}},"17":{"start":{"line":46,"column":18},"end":{"line":49,"column":12}},"18":{"start":{"line":47,"column":6},"end":{"line":47,"column":37}},"19":{"start":{"line":48,"column":6},"end":{"line":48,"column":17}},"20":{"start":{"line":51,"column":4},"end":{"line":54,"column":6}},"21":{"start":{"line":52,"column":6},"end":{"line":52,"column":26}},"22":{"start":{"line":53,"column":6},"end":{"line":53,"column":37}},"23":{"start":{"line":57,"column":2},"end":{"line":87,"column":4}},"24":{"start":{"line":90,"column":15},"end":{"line":147,"column":2}}},"fnMap":{"0":{"name":"SplashScreen","decl":{"start":{"line":7,"column":24},"end":{"line":7,"column":36}},"loc":{"start":{"line":7,"column":75},"end":{"line":88,"column":1}}},"1":{"name":"(anonymous_11)","decl":{"start":{"line":14,"column":12},"end":{"line":14,"column":15}},"loc":{"start":{"line":14,"column":17},"end":{"line":55,"column":3}}},"2":{"name":"(anonymous_12)","decl":{"start":{"line":30,"column":15},"end":{"line":30,"column":18}},"loc":{"start":{"line":30,"column":20},"end":{"line":36,"column":5}}},"3":{"name":"(anonymous_13)","decl":{"start":{"line":40,"column":40},"end":{"line":40,"column":43}},"loc":{"start":{"line":40,"column":45},"end":{"line":43,"column":5}}},"4":{"name":"(anonymous_14)","decl":{"start":{"line":46,"column":29},"end":{"line":46,"column":32}},"loc":{"start":{"line":46,"column":34},"end":{"line":49,"column":5}}},"5":{"name":"(anonymous_15)","decl":{"start":{"line":51,"column":11},"end":{"line":51,"column":14}},"loc":{"start":{"line":51,"column":16},"end":{"line":54,"column":5}}}},"branchMap":{},"s":{"0":0,"1":0,"2":0,"3":0,"4":0,"5":0,"6":0,"7":0,"8":0,"9":0,"10":0,"11":0,"12":0,"13":0,"14":0,"15":0,"16":0,"17":0,"18":0,"19":0,"20":0,"21":0,"22":0,"23":0,"24":0},"f":{"0":0,"1":0,"2":0,"3":0,"4":0,"5":0},"b":{}}
,"C:\\kwccproject\\pickplay\\pickplay\\app\\components\\BannerAdComponent.tsx": {"path":"C:\\kwccproject\\pickplay\\pickplay\\app\\components\\BannerAdComponent.tsx","statementMap":{"0":{"start":{"line":10,"column":0},"end":{"line":10,"column":24}},"1":{"start":{"line":1,"column":0},"end":{"line":1,"column":68}},"2":{"start":{"line":2,"column":0},"end":{"line":2,"column":83}},"3":{"start":{"line":3,"column":0},"end":{"line":3,"column":72}},"4":{"start":{"line":4,"column":0},"end":{"line":4,"column":41}},"5":{"start":{"line":11,"column":36},"end":{"line":11,"column":51}},"6":{"start":{"line":12,"column":34},"end":{"line":12,"column":49}},"7":{"start":{"line":13,"column":36},"end":{"line":13,"column":47}},"8":{"start":{"line":15,"column":24},"end":{"line":15,"column":41}},"9":{"start":{"line":16,"column":26},"end":{"line":16,"column":35}},"10":{"start":{"line":18,"column":19},"end":{"line":18,"column":57}},"11":{"start":{"line":18,"column":33},"end":{"line":18,"column":52}},"12":{"start":{"line":19,"column":18},"end":{"line":19,"column":41}},"13":{"start":{"line":22,"column":2},"end":{"line":34,"column":9}},"14":{"start":{"line":23,"column":16},"end":{"line":30,"column":6}},"15":{"start":{"line":24,"column":6},"end":{"line":29,"column":7}},"16":{"start":{"line":26,"column":8},"end":{"line":26,"column":36}},"17":{"start":{"line":27,"column":8},"end":{"line":27,"column":27}},"18":{"start":{"line":28,"column":8},"end":{"line":28,"column":35}},"19":{"start":{"line":28,"column":28},"end":{"line":28,"column":33}},"20":{"start":{"line":31,"column":4},"end":{"line":33,"column":6}},"21":{"start":{"line":32,"column":6},"end":{"line":32,"column":19}},"22":{"start":{"line":37,"column":24},"end":{"line":45,"column":3}},"23":{"start":{"line":38,"column":4},"end":{"line":38,"column":67}},"24":{"start":{"line":38,"column":31},"end":{"line":38,"column":67}},"25":{"start":{"line":39,"column":18},"end":{"line":39,"column":78}},"26":{"start":{"line":40,"column":4},"end":{"line":40,"column":33}},"27":{"start":{"line":41,"column":4},"end":{"line":44,"column":14}},"28":{"start":{"line":42,"column":6},"end":{"line":42,"column":25}},"29":{"start":{"line":43,"column":6},"end":{"line":43,"column":33}},"30":{"start":{"line":43,"column":26},"end":{"line":43,"column":31}},"31":{"start":{"line":48,"column":2},"end":{"line":55,"column":3}},"32":{"start":{"line":49,"column":4},"end":{"line":54,"column":6}},"33":{"start":{"line":58,"column":2},"end":{"line":107,"column":3}},"34":{"start":{"line":59,"column":39},"end":{"line":59,"column":80}},"35":{"start":{"line":61,"column":4},"end":{"line":99,"column":6}},"36":{"start":{"line":78,"column":12},"end":{"line":78,"column":42}},"37":{"start":{"line":79,"column":12},"end":{"line":79,"column":75}},"38":{"start":{"line":79,"column":39},"end":{"line":79,"column":75}},"39":{"start":{"line":80,"column":12},"end":{"line":80,"column":40}},"40":{"start":{"line":81,"column":12},"end":{"line":81,"column":30}},"41":{"start":{"line":82,"column":12},"end":{"line":82,"column":31}},"42":{"start":{"line":85,"column":12},"end":{"line":85,"column":66}},"43":{"start":{"line":86,"column":12},"end":{"line":86,"column":30}},"44":{"start":{"line":87,"column":12},"end":{"line":87,"column":31}},"45":{"start":{"line":88,"column":12},"end":{"line":88,"column":28}},"46":{"start":{"line":101,"column":4},"end":{"line":101,"column":49}},"47":{"start":{"line":102,"column":4},"end":{"line":106,"column":6}},"48":{"start":{"line":110,"column":15},"end":{"line":166,"column":2}}},"fnMap":{"0":{"name":"BannerAdComponent","decl":{"start":{"line":10,"column":24},"end":{"line":10,"column":41}},"loc":{"start":{"line":10,"column":75},"end":{"line":108,"column":1}}},"1":{"name":"(anonymous_11)","decl":{"start":{"line":18,"column":27},"end":{"line":18,"column":30}},"loc":{"start":{"line":18,"column":33},"end":{"line":18,"column":52}}},"2":{"name":"(anonymous_12)","decl":{"start":{"line":22,"column":12},"end":{"line":22,"column":15}},"loc":{"start":{"line":22,"column":17},"end":{"line":34,"column":3}}},"3":{"name":"(anonymous_13)","decl":{"start":{"line":23,"column":52},"end":{"line":23,"column":53}},"loc":{"start":{"line":23,"column":62},"end":{"line":30,"column":5}}},"4":{"name":"(anonymous_14)","decl":{"start":{"line":28,"column":21},"end":{"line":28,"column":22}},"loc":{"start":{"line":28,"column":28},"end":{"line":28,"column":33}}},"5":{"name":"(anonymous_15)","decl":{"start":{"line":31,"column":11},"end":{"line":31,"column":14}},"loc":{"start":{"line":31,"column":16},"end":{"line":33,"column":5}}},"6":{"name":"(anonymous_16)","decl":{"start":{"line":37,"column":24},"end":{"line":37,"column":27}},"loc":{"start":{"line":37,"column":29},"end":{"line":45,"column":3}}},"7":{"name":"(anonymous_17)","decl":{"start":{"line":41,"column":39},"end":{"line":41,"column":42}},"loc":{"start":{"line":41,"column":44},"end":{"line":44,"column":5}}},"8":{"name":"(anonymous_18)","decl":{"start":{"line":43,"column":19},"end":{"line":43,"column":20}},"loc":{"start":{"line":43,"column":26},"end":{"line":43,"column":31}}},"9":{"name":"(anonymous_19)","decl":{"start":{"line":77,"column":22},"end":{"line":77,"column":25}},"loc":{"start":{"line":77,"column":27},"end":{"line":83,"column":11}}},"10":{"name":"(anonymous_20)","decl":{"start":{"line":84,"column":28},"end":{"line":84,"column":29}},"loc":{"start":{"line":84,"column":43},"end":{"line":89,"column":11}}}},"branchMap":{"0":{"loc":{"start":{"line":19,"column":18},"end":{"line":19,"column":41}},"type":"binary-expr","locations":[{"start":{"line":19,"column":18},"end":{"line":19,"column":28}},{"start":{"line":19,"column":32},"end":{"line":19,"column":41}}]},"1":{"loc":{"start":{"line":24,"column":6},"end":{"line":29,"column":7}},"type":"if","locations":[{"start":{"line":24,"column":6},"end":{"line":29,"column":7}},{"start":{},"end":{}}]},"2":{"loc":{"start":{"line":38,"column":4},"end":{"line":38,"column":67}},"type":"if","locations":[{"start":{"line":38,"column":4},"end":{"line":38,"column":67}},{"start":{},"end":{}}]},"3":{"loc":{"start":{"line":48,"column":2},"end":{"line":55,"column":3}},"type":"if","locations":[{"start":{"line":48,"column":2},"end":{"line":55,"column":3}},{"start":{},"end":{}}]},"4":{"loc":{"start":{"line":64,"column":9},"end":{"line":68,"column":null}},"type":"binary-expr","locations":[{"start":{"line":64,"column":9},"end":{"line":64,"column":20}},{"start":{"line":64,"column":24},"end":{"line":64,"column":33}},{"start":{"line":65,"column":10},"end":{"line":67,"column":null}}]},"5":{"loc":{"start":{"line":79,"column":12},"end":{"line":79,"column":75}},"type":"if","locations":[{"start":{"line":79,"column":12},"end":{"line":79,"column":75}},{"start":{},"end":{}}]},"6":{"loc":{"start":{"line":85,"column":44},"end":{"line":85,"column":64}},"type":"binary-expr","locations":[{"start":{"line":85,"column":44},"end":{"line":85,"column":55}},{"start":{"line":85,"column":59},"end":{"line":85,"column":64}}]},"7":{"loc":{"start":{"line":93,"column":9},"end":{"line":96,"column":null}},"type":"binary-expr","locations":[{"start":{"line":93,"column":9},"end":{"line":93,"column":17}},{"start":{"line":94,"column":10},"end":{"line":95,"column":null}}]}},"s":{"0":0,"1":0,"2":0,"3":0,"4":0,"5":0,"6":0,"7":0,"8":0,"9":0,"10":0,"11":0,"12":0,"13":0,"14":0,"15":0,"16":0,"17":0,"18":0,"19":0,"20":0,"21":0,"22":0,"23":0,"24":0,"25":0,"26":0,"27":0,"28":0,"29":0,"30":0,"31":0,"32":0,"33":0,"34":0,"35":0,"36":0,"37":0,"38":0,"39":0,"40":0,"41":0,"42":0,"43":0,"44":0,"45":0,"46":0,"47":0,"48":0},"f":{"0":0,"1":0,"2":0,"3":0,"4":0,"5":0,"6":0,"7":0,"8":0,"9":0,"10":0},"b":{"0":[0,0],"1":[0,0],"2":[0,0],"3":[0,0],"4":[0,0,0],"5":[0,0],"6":[0,0],"7":[0,0]}}
,"C:\\kwccproject\\pickplay\\pickplay\\app\\components\\CharacterCard.tsx": {"path":"C:\\kwccproject\\pickplay\\pickplay\\app\\components\\CharacterCard.tsx","statementMap":{"0":{"start":{"line":1,"column":0},"end":{"line":1,"column":26}},"1":{"start":{"line":2,"column":0},"end":{"line":2,"column":80}},"2":{"start":{"line":3,"column":0},"end":{"line":3,"column":45}},"3":{"start":{"line":12,"column":19},"end":{"line":12,"column":66}},"4":{"start":{"line":14,"column":52},"end":{"line":48,"column":1}},"5":{"start":{"line":15,"column":2},"end":{"line":17,"column":3}},"6":{"start":{"line":16,"column":4},"end":{"line":16,"column":33}},"7":{"start":{"line":19,"column":50},"end":{"line":19,"column":58}},"8":{"start":{"line":20,"column":20},"end":{"line":20,"column":79}},"9":{"start":{"line":20,"column":48},"end":{"line":20,"column":78}},"10":{"start":{"line":22,"column":2},"end":{"line":47,"column":4}},"11":{"start":{"line":50,"column":15},"end":{"line":89,"column":2}},"12":{"start":{"line":91,"column":0},"end":{"line":91,"column":29}}},"fnMap":{"0":{"name":"(anonymous_1)","decl":{"start":{"line":14,"column":52},"end":{"line":14,"column":53}},"loc":{"start":{"line":14,"column":69},"end":{"line":48,"column":1}}},"1":{"name":"(anonymous_2)","decl":{"start":{"line":20,"column":36},"end":{"line":20,"column":37}},"loc":{"start":{"line":20,"column":48},"end":{"line":20,"column":78}}}},"branchMap":{"0":{"loc":{"start":{"line":15,"column":2},"end":{"line":17,"column":3}},"type":"if","locations":[{"start":{"line":15,"column":2},"end":{"line":17,"column":3}},{"start":{},"end":{}}]},"1":{"loc":{"start":{"line":26,"column":9},"end":{"line":43,"column":null}},"type":"cond-expr","locations":[{"start":{"line":27,"column":10},"end":{"line":30,"column":null}},{"start":{"line":33,"column":10},"end":{"line":42,"column":null}}]},"2":{"loc":{"start":{"line":30,"column":48},"end":{"line":30,"column":64}},"type":"binary-expr","locations":[{"start":{"line":30,"column":48},"end":{"line":30,"column":58}},{"start":{"line":30,"column":62},"end":{"line":30,"column":64}}]},"3":{"loc":{"start":{"line":30,"column":68},"end":{"line":30,"column":84}},"type":"binary-expr","locations":[{"start":{"line":30,"column":68},"end":{"line":30,"column":78}},{"start":{"line":30,"column":82},"end":{"line":30,"column":84}}]}},"s":{"0":0,"1":0,"2":0,"3":0,"4":0,"5":0,"6":0,"7":0,"8":0,"9":0,"10":0,"11":0,"12":0},"f":{"0":0,"1":0},"b":{"0":[0,0],"1":[0,0],"2":[0,0],"3":[0,0]}}
,"C:\\kwccproject\\pickplay\\pickplay\\app\\components\\ErrorScreen.tsx": {"path":"C:\\kwccproject\\pickplay\\pickplay\\app\\components\\ErrorScreen.tsx","statementMap":{"0":{"start":{"line":10,"column":0},"end":{"line":10,"column":24}},"1":{"start":{"line":1,"column":0},"end":{"line":1,"column":26}},"2":{"start":{"line":2,"column":0},"end":{"line":2,"column":42}},"3":{"start":{"line":3,"column":0},"end":{"line":3,"column":38}},"4":{"start":{"line":14,"column":2},"end":{"line":21,"column":4}}},"fnMap":{"0":{"name":"ErrorScreen","decl":{"start":{"line":10,"column":24},"end":{"line":10,"column":35}},"loc":{"start":{"line":13,"column":19},"end":{"line":22,"column":1}}}},"branchMap":{"0":{"loc":{"start":{"line":11,"column":2},"end":{"line":11,"column":24}},"type":"default-arg","locations":[{"start":{"line":11,"column":10},"end":{"line":11,"column":24}}]},"1":{"loc":{"start":{"line":12,"column":2},"end":{"line":12,"column":29}},"type":"default-arg","locations":[{"start":{"line":12,"column":13},"end":{"line":12,"column":29}}]}},"s":{"0":0,"1":0,"2":0,"3":0,"4":0},"f":{"0":0},"b":{"0":[0],"1":[0]}}
,"C:\\kwccproject\\pickplay\\pickplay\\app\\components\\LoadingScreen.tsx": {"path":"C:\\kwccproject\\pickplay\\pickplay\\app\\components\\LoadingScreen.tsx","statementMap":{"0":{"start":{"line":9,"column":0},"end":{"line":9,"column":24}},"1":{"start":{"line":1,"column":0},"end":{"line":1,"column":26}},"2":{"start":{"line":2,"column":0},"end":{"line":2,"column":61}},"3":{"start":{"line":3,"column":0},"end":{"line":3,"column":38}},"4":{"start":{"line":10,"column":2},"end":{"line":17,"column":4}}},"fnMap":{"0":{"name":"LoadingScreen","decl":{"start":{"line":9,"column":24},"end":{"line":9,"column":37}},"loc":{"start":{"line":9,"column":87},"end":{"line":18,"column":1}}}},"branchMap":{"0":{"loc":{"start":{"line":9,"column":40},"end":{"line":9,"column":65}},"type":"default-arg","locations":[{"start":{"line":9,"column":50},"end":{"line":9,"column":65}}]}},"s":{"0":0,"1":0,"2":0,"3":0,"4":0},"f":{"0":0},"b":{"0":[0]}}
,"C:\\kwccproject\\pickplay\\pickplay\\app\\components\\NotificationBootstrap.tsx": {"path":"C:\\kwccproject\\pickplay\\pickplay\\app\\components\\NotificationBootstrap.tsx","statementMap":{"0":{"start":{"line":4,"column":0},"end":{"line":4,"column":24}},"1":{"start":{"line":1,"column":0},"end":{"line":1,"column":41}},"2":{"start":{"line":2,"column":0},"end":{"line":2,"column":71}},"3":{"start":{"line":5,"column":2},"end":{"line":20,"column":8}},"4":{"start":{"line":6,"column":18},"end":{"line":6,"column":22}},"5":{"start":{"line":8,"column":4},"end":{"line":15,"column":9}},"6":{"start":{"line":9,"column":17},"end":{"line":9,"column":54}},"7":{"start":{"line":10,"column":6},"end":{"line":14,"column":7}},"8":{"start":{"line":11,"column":8},"end":{"line":11,"column":21}},"9":{"start":{"line":12,"column":13},"end":{"line":14,"column":7}},"10":{"start":{"line":13,"column":8},"end":{"line":13,"column":13}},"11":{"start":{"line":16,"column":4},"end":{"line":19,"column":6}},"12":{"start":{"line":17,"column":6},"end":{"line":17,"column":22}},"13":{"start":{"line":18,"column":6},"end":{"line":18,"column":50}},"14":{"start":{"line":18,"column":40},"end":{"line":18,"column":50}},"15":{"start":{"line":21,"column":2},"end":{"line":21,"column":14}}},"fnMap":{"0":{"name":"NotificationBootstrap","decl":{"start":{"line":4,"column":24},"end":{"line":4,"column":45}},"loc":{"start":{"line":4,"column":45},"end":{"line":22,"column":1}}},"1":{"name":"(anonymous_1)","decl":{"start":{"line":5,"column":12},"end":{"line":5,"column":14}},"loc":{"start":{"line":5,"column":16},"end":{"line":20,"column":3}}},"2":{"name":"(anonymous_2)","decl":{"start":{"line":8,"column":5},"end":{"line":8,"column":10}},"loc":{"start":{"line":8,"column":14},"end":{"line":15,"column":5}}},"3":{"name":"(anonymous_3)","decl":{"start":{"line":16,"column":11},"end":{"line":16,"column":13}},"loc":{"start":{"line":16,"column":15},"end":{"line":19,"column":5}}}},"branchMap":{"0":{"loc":{"start":{"line":10,"column":6},"end":{"line":14,"column":7}},"type":"if","locations":[{"start":{"line":10,"column":6},"end":{"line":14,"column":7}},{"start":{"line":12,"column":13},"end":{"line":14,"column":7}}]},"1":{"loc":{"start":{"line":12,"column":13},"end":{"line":14,"column":7}},"type":"if","locations":[{"start":{"line":12,"column":13},"end":{"line":14,"column":7}},{"start":{},"end":{}}]},"2":{"loc":{"start":{"line":18,"column":6},"end":{"line":18,"column":50}},"type":"if","locations":[{"start":{"line":18,"column":6},"end":{"line":18,"column":50}},{"start":{},"end":{}}]}},"s":{"0":0,"1":0,"2":0,"3":0,"4":0,"5":0,"6":0,"7":0,"8":0,"9":0,"10":0,"11":0,"12":0,"13":0,"14":0,"15":0},"f":{"0":0,"1":0,"2":0,"3":0},"b":{"0":[0,0],"1":[0,0],"2":[0,0]}}
,"C:\\kwccproject\\pickplay\\pickplay\\app\\components\\TutorialScreen.tsx": {"path":"C:\\kwccproject\\pickplay\\pickplay\\app\\components\\TutorialScreen.tsx","statementMap":{"0":{"start":{"line":12,"column":0},"end":{"line":12,"column":24}},"1":{"start":{"line":1,"column":0},"end":{"line":1,"column":45}},"2":{"start":{"line":2,"column":0},"end":{"line":2,"column":40}},"3":{"start":{"line":3,"column":0},"end":{"line":3,"column":91}},"4":{"start":{"line":4,"column":0},"end":{"line":4,"column":38}},"5":{"start":{"line":6,"column":26},"end":{"line":6,"column":50}},"6":{"start":{"line":13,"column":42},"end":{"line":13,"column":53}},"7":{"start":{"line":15,"column":24},"end":{"line":53,"column":4}},"8":{"start":{"line":55,"column":23},"end":{"line":57,"column":3}},"9":{"start":{"line":56,"column":4},"end":{"line":56,"column":15}},"10":{"start":{"line":61,"column":2},"end":{"line":211,"column":4}},"11":{"start":{"line":71,"column":29},"end":{"line":71,"column":82}},"12":{"start":{"line":72,"column":12},"end":{"line":72,"column":38}},"13":{"start":{"line":77,"column":12},"end":{"line":152,"column":null}},"14":{"start":{"line":171,"column":12},"end":{"line":178,"column":null}}},"fnMap":{"0":{"name":"TutorialScreen","decl":{"start":{"line":12,"column":24},"end":{"line":12,"column":38}},"loc":{"start":{"line":12,"column":72},"end":{"line":212,"column":1}}},"1":{"name":"(anonymous_11)","decl":{"start":{"line":55,"column":23},"end":{"line":55,"column":26}},"loc":{"start":{"line":55,"column":28},"end":{"line":57,"column":3}}},"2":{"name":"(anonymous_12)","decl":{"start":{"line":70,"column":31},"end":{"line":70,"column":32}},"loc":{"start":{"line":70,"column":41},"end":{"line":73,"column":11}}},"3":{"name":"(anonymous_13)","decl":{"start":{"line":76,"column":29},"end":{"line":76,"column":30}},"loc":{"start":{"line":77,"column":12},"end":{"line":152,"column":null}}},"4":{"name":"(anonymous_14)","decl":{"start":{"line":170,"column":29},"end":{"line":170,"column":30}},"loc":{"start":{"line":171,"column":12},"end":{"line":178,"column":null}}}},"branchMap":{"0":{"loc":{"start":{"line":95,"column":19},"end":{"line":114,"column":null}},"type":"cond-expr","locations":[{"start":{"line":96,"column":20},"end":{"line":104,"column":null}},{"start":{"line":107,"column":20},"end":{"line":113,"column":null}}]},"1":{"loc":{"start":{"line":174,"column":23},"end":{"line":174,"column":54}},"type":"cond-expr","locations":[{"start":{"line":174,"column":48},"end":{"line":174,"column":50}},{"start":{"line":174,"column":53},"end":{"line":174,"column":54}}]},"2":{"loc":{"start":{"line":177,"column":33},"end":{"line":177,"column":88}},"type":"cond-expr","locations":[{"start":{"line":177,"column":58},"end":{"line":177,"column":72}},{"start":{"line":177,"column":75},"end":{"line":177,"column":88}}]},"3":{"loc":{"start":{"line":184,"column":10},"end":{"line":207,"column":null}},"type":"binary-expr","locations":[{"start":{"line":184,"column":10},"end":{"line":184,"column":51}},{"start":{"line":185,"column":11},"end":{"line":206,"column":null}}]}},"s":{"0":0,"1":0,"2":0,"3":0,"4":0,"5":0,"6":0,"7":0,"8":0,"9":0,"10":0,"11":0,"12":0,"13":0,"14":0},"f":{"0":0,"1":0,"2":0,"3":0,"4":0},"b":{"0":[0,0],"1":[0,0],"2":[0,0],"3":[0,0]}}
,"C:\\kwccproject\\pickplay\\pickplay\\app\\components\\UserHeader.tsx": {"path":"C:\\kwccproject\\pickplay\\pickplay\\app\\components\\UserHeader.tsx","statementMap":{"0":{"start":{"line":20,"column":0},"end":{"line":20,"column":24}},"1":{"start":{"line":1,"column":0},"end":{"line":1,"column":45}},"2":{"start":{"line":2,"column":0},"end":{"line":2,"column":40}},"3":{"start":{"line":3,"column":0},"end":{"line":3,"column":67}},"4":{"start":{"line":4,"column":0},"end":{"line":4,"column":38}},"5":{"start":{"line":5,"column":0},"end":{"line":5,"column":44}},"6":{"start":{"line":21,"column":36},"end":{"line":21,"column":51}},"7":{"start":{"line":23,"column":28},"end":{"line":23,"column":79}},"8":{"start":{"line":25,"column":2},"end":{"line":262,"column":4}},"9":{"start":{"line":34,"column":23},"end":{"line":34,"column":41}},"10":{"start":{"line":100,"column":88},"end":{"line":100,"column":107}},"11":{"start":{"line":248,"column":43},"end":{"line":248,"column":62}}},"fnMap":{"0":{"name":"UserHeader","decl":{"start":{"line":20,"column":24},"end":{"line":20,"column":34}},"loc":{"start":{"line":20,"column":64},"end":{"line":263,"column":1}}},"1":{"name":"(anonymous_11)","decl":{"start":{"line":34,"column":17},"end":{"line":34,"column":20}},"loc":{"start":{"line":34,"column":23},"end":{"line":34,"column":41}}},"2":{"name":"(anonymous_12)","decl":{"start":{"line":100,"column":82},"end":{"line":100,"column":85}},"loc":{"start":{"line":100,"column":88},"end":{"line":100,"column":107}}},"3":{"name":"(anonymous_13)","decl":{"start":{"line":248,"column":37},"end":{"line":248,"column":40}},"loc":{"start":{"line":248,"column":43},"end":{"line":248,"column":62}}}},"branchMap":{"0":{"loc":{"start":{"line":23,"column":47},"end":{"line":23,"column":76}},"type":"binary-expr","locations":[{"start":{"line":23,"column":47},"end":{"line":23,"column":71}},{"start":{"line":23,"column":75},"end":{"line":23,"column":76}}]},"1":{"loc":{"start":{"line":220,"column":33},"end":{"line":220,"column":62}},"type":"binary-expr","locations":[{"start":{"line":220,"column":33},"end":{"line":220,"column":57}},{"start":{"line":220,"column":61},"end":{"line":220,"column":62}}]},"2":{"loc":{"start":{"line":221,"column":29},"end":{"line":221,"column":57}},"type":"binary-expr","locations":[{"start":{"line":221,"column":29},"end":{"line":221,"column":49}},{"start":{"line":221,"column":53},"end":{"line":221,"column":57}}]},"3":{"loc":{"start":{"line":222,"column":28},"end":{"line":222,"column":55}},"type":"binary-expr","locations":[{"start":{"line":222,"column":28},"end":{"line":222,"column":47}},{"start":{"line":222,"column":51},"end":{"line":222,"column":55}}]},"4":{"loc":{"start":{"line":223,"column":28},"end":{"line":223,"column":55}},"type":"binary-expr","locations":[{"start":{"line":223,"column":28},"end":{"line":223,"column":47}},{"start":{"line":223,"column":51},"end":{"line":223,"column":55}}]}},"s":{"0":0,"1":0,"2":0,"3":0,"4":0,"5":0,"6":0,"7":0,"8":0,"9":0,"10":0,"11":0},"f":{"0":0,"1":0,"2":0,"3":0},"b":{"0":[0,0],"1":[0,0],"2":[0,0],"3":[0,0],"4":[0,0]}}
,"C:\\kwccproject\\pickplay\\pickplay\\app\\services\\ads.native.ts": {"path":"C:\\kwccproject\\pickplay\\pickplay\\app\\services\\ads.native.ts","statementMap":{"0":{"start":{"line":67,"column":0},"end":{"line":67,"column":7}},"1":{"start":{"line":88,"column":0},"end":{"line":88,"column":16}},"2":{"start":{"line":114,"column":0},"end":{"line":114,"column":16}},"3":{"start":{"line":1,"column":0},"end":{"line":1,"column":40}},"4":{"start":{"line":5,"column":2},"end":{"line":10,"column":4}},"5":{"start":{"line":6,"column":16},"end":{"line":6,"column":45}},"6":{"start":{"line":7,"column":16},"end":{"line":7,"column":45}},"7":{"start":{"line":8,"column":30},"end":{"line":8,"column":67}},"8":{"start":{"line":8,"column":36},"end":{"line":8,"column":67}},"9":{"start":{"line":9,"column":20},"end":{"line":9,"column":25}},"10":{"start":{"line":15,"column":2},"end":{"line":20,"column":4}},"11":{"start":{"line":16,"column":16},"end":{"line":16,"column":54}},"12":{"start":{"line":17,"column":16},"end":{"line":17,"column":54}},"13":{"start":{"line":18,"column":30},"end":{"line":18,"column":76}},"14":{"start":{"line":18,"column":36},"end":{"line":18,"column":76}},"15":{"start":{"line":19,"column":20},"end":{"line":19,"column":25}},"16":{"start":{"line":25,"column":2},"end":{"line":25,"column":46}},"17":{"start":{"line":25,"column":15},"end":{"line":25,"column":45}},"18":{"start":{"line":30,"column":2},"end":{"line":30,"column":55}},"19":{"start":{"line":30,"column":15},"end":{"line":30,"column":54}},"20":{"start":{"line":39,"column":19},"end":{"line":39,"column":24}},"21":{"start":{"line":41,"column":0},"end":{"line":56,"column":1}},"22":{"start":{"line":42,"column":2},"end":{"line":55,"column":3}},"23":{"start":{"line":43,"column":22},"end":{"line":43,"column":63}},"24":{"start":{"line":44,"column":4},"end":{"line":44,"column":36}},"25":{"start":{"line":45,"column":4},"end":{"line":45,"column":56}},"26":{"start":{"line":46,"column":4},"end":{"line":46,"column":62}},"27":{"start":{"line":47,"column":4},"end":{"line":47,"column":32}},"28":{"start":{"line":48,"column":4},"end":{"line":48,"column":40}},"29":{"start":{"line":49,"column":4},"end":{"line":49,"column":24}},"30":{"start":{"line":50,"column":4},"end":{"line":50,"column":33}},"31":{"start":{"line":52,"column":4},"end":{"line":52,"column":43}},"32":{"start":{"line":53,"column":4},"end":{"line":53,"column":43}},"33":{"start":{"line":54,"column":4},"end":{"line":54,"column":25}},"34":{"start":{"line":59,"column":17},"end":{"line":65,"column":2}},"35":{"start":{"line":68,"column":2},"end":{"line":71,"column":3}},"36":{"start":{"line":69,"column":4},"end":{"line":69,"column":40}},"37":{"start":{"line":70,"column":4},"end":{"line":70,"column":11}},"38":{"start":{"line":73,"column":2},"end":{"line":76,"column":3}},"39":{"start":{"line":74,"column":4},"end":{"line":74,"column":49}},"40":{"start":{"line":75,"column":4},"end":{"line":75,"column":11}},"41":{"start":{"line":78,"column":2},"end":{"line":85,"column":3}},"42":{"start":{"line":79,"column":4},"end":{"line":79,"column":45}},"43":{"start":{"line":80,"column":4},"end":{"line":80,"column":35}},"44":{"start":{"line":81,"column":4},"end":{"line":81,"column":41}},"45":{"start":{"line":83,"column":4},"end":{"line":83,"column":51}},"46":{"start":{"line":84,"column":4},"end":{"line":84,"column":40}},"47":{"start":{"line":89,"column":2},"end":{"line":92,"column":3}},"48":{"start":{"line":90,"column":4},"end":{"line":90,"column":40}},"49":{"start":{"line":91,"column":4},"end":{"line":91,"column":30}},"50":{"start":{"line":94,"column":2},"end":{"line":97,"column":3}},"51":{"start":{"line":95,"column":4},"end":{"line":95,"column":48}},"52":{"start":{"line":96,"column":4},"end":{"line":96,"column":33}},"53":{"start":{"line":99,"column":19},"end":{"line":99,"column":44}},"54":{"start":{"line":100,"column":2},"end":{"line":100,"column":40}},"55":{"start":{"line":101,"column":2},"end":{"line":101,"column":38}},"56":{"start":{"line":103,"column":2},"end":{"line":111,"column":3}},"57":{"start":{"line":104,"column":15},"end":{"line":104,"column":66}},"58":{"start":{"line":105,"column":4},"end":{"line":105,"column":40}},"59":{"start":{"line":106,"column":4},"end":{"line":106,"column":14}},"60":{"start":{"line":108,"column":4},"end":{"line":108,"column":43}},"61":{"start":{"line":109,"column":4},"end":{"line":109,"column":32}},"62":{"start":{"line":110,"column":4},"end":{"line":110,"column":33}},"63":{"start":{"line":123,"column":2},"end":{"line":126,"column":3}},"64":{"start":{"line":124,"column":4},"end":{"line":124,"column":41}},"65":{"start":{"line":125,"column":4},"end":{"line":125,"column":36}},"66":{"start":{"line":128,"column":2},"end":{"line":146,"column":3}},"67":{"start":{"line":129,"column":4},"end":{"line":129,"column":49}},"68":{"start":{"line":132,"column":4},"end":{"line":144,"column":5}},"69":{"start":{"line":133,"column":6},"end":{"line":133,"column":47}},"70":{"start":{"line":134,"column":6},"end":{"line":137,"column":14}},"71":{"start":{"line":135,"column":8},"end":{"line":135,"column":39}},"72":{"start":{"line":136,"column":8},"end":{"line":136,"column":19}},"73":{"start":{"line":140,"column":6},"end":{"line":143,"column":14}},"74":{"start":{"line":141,"column":8},"end":{"line":141,"column":53}},"75":{"start":{"line":142,"column":8},"end":{"line":142,"column":19}},"76":{"start":{"line":145,"column":4},"end":{"line":145,"column":39}},"77":{"start":{"line":148,"column":2},"end":{"line":148,"column":42}},"78":{"start":{"line":150,"column":2},"end":{"line":169,"column":3}},"79":{"start":{"line":151,"column":30},"end":{"line":151,"column":89}},"80":{"start":{"line":152,"column":30},"end":{"line":152,"column":96}},"81":{"start":{"line":153,"column":30},"end":{"line":153,"column":81}},"82":{"start":{"line":156,"column":4},"end":{"line":156,"column":14}},"83":{"start":{"line":157,"column":4},"end":{"line":157,"column":34}},"84":{"start":{"line":159,"column":4},"end":{"line":164,"column":6}},"85":{"start":{"line":160,"column":6},"end":{"line":160,"column":38}},"86":{"start":{"line":161,"column":6},"end":{"line":161,"column":26}},"87":{"start":{"line":162,"column":6},"end":{"line":162,"column":26}},"88":{"start":{"line":163,"column":6},"end":{"line":163,"column":26}},"89":{"start":{"line":166,"column":4},"end":{"line":166,"column":44}},"90":{"start":{"line":167,"column":4},"end":{"line":167,"column":33}},"91":{"start":{"line":168,"column":4},"end":{"line":168,"column":39}}},"fnMap":{"0":{"name":"createWebDummyAd","decl":{"start":{"line":4,"column":9},"end":{"line":4,"column":25}},"loc":{"start":{"line":4,"column":25},"end":{"line":11,"column":1}}},"1":{"name":"(anonymous_1)","decl":{"start":{"line":6,"column":10},"end":{"line":6,"column":13}},"loc":{"start":{"line":6,"column":16},"end":{"line":6,"column":45}}},"2":{"name":"(anonymous_2)","decl":{"start":{"line":7,"column":10},"end":{"line":7,"column":13}},"loc":{"start":{"line":7,"column":16},"end":{"line":7,"column":45}}},"3":{"name":"(anonymous_3)","decl":{"start":{"line":8,"column":24},"end":{"line":8,"column":27}},"loc":{"start":{"line":8,"column":30},"end":{"line":8,"column":67}}},"4":{"name":"(anonymous_4)","decl":{"start":{"line":8,"column":30},"end":{"line":8,"column":33}},"loc":{"start":{"line":8,"column":36},"end":{"line":8,"column":67}}},"5":{"name":"(anonymous_5)","decl":{"start":{"line":9,"column":14},"end":{"line":9,"column":17}},"loc":{"start":{"line":9,"column":20},"end":{"line":9,"column":25}}},"6":{"name":"createNativeDummyAd","decl":{"start":{"line":14,"column":9},"end":{"line":14,"column":28}},"loc":{"start":{"line":14,"column":28},"end":{"line":21,"column":1}}},"7":{"name":"(anonymous_7)","decl":{"start":{"line":16,"column":10},"end":{"line":16,"column":13}},"loc":{"start":{"line":16,"column":16},"end":{"line":16,"column":54}}},"8":{"name":"(anonymous_8)","decl":{"start":{"line":17,"column":10},"end":{"line":17,"column":13}},"loc":{"start":{"line":17,"column":16},"end":{"line":17,"column":54}}},"9":{"name":"(anonymous_9)","decl":{"start":{"line":18,"column":24},"end":{"line":18,"column":27}},"loc":{"start":{"line":18,"column":30},"end":{"line":18,"column":76}}},"10":{"name":"(anonymous_10)","decl":{"start":{"line":18,"column":30},"end":{"line":18,"column":33}},"loc":{"start":{"line":18,"column":36},"end":{"line":18,"column":76}}},"11":{"name":"(anonymous_11)","decl":{"start":{"line":19,"column":14},"end":{"line":19,"column":17}},"loc":{"start":{"line":19,"column":20},"end":{"line":19,"column":25}}},"12":{"name":"createWebDummyListener","decl":{"start":{"line":24,"column":9},"end":{"line":24,"column":31}},"loc":{"start":{"line":24,"column":31},"end":{"line":26,"column":1}}},"13":{"name":"(anonymous_13)","decl":{"start":{"line":25,"column":9},"end":{"line":25,"column":12}},"loc":{"start":{"line":25,"column":15},"end":{"line":25,"column":45}}},"14":{"name":"createNativeDummyListener","decl":{"start":{"line":29,"column":9},"end":{"line":29,"column":34}},"loc":{"start":{"line":29,"column":34},"end":{"line":31,"column":1}}},"15":{"name":"(anonymous_15)","decl":{"start":{"line":30,"column":9},"end":{"line":30,"column":12}},"loc":{"start":{"line":30,"column":15},"end":{"line":30,"column":54}}},"16":{"name":"initAds","decl":{"start":{"line":67,"column":22},"end":{"line":67,"column":29}},"loc":{"start":{"line":67,"column":29},"end":{"line":86,"column":1}}},"17":{"name":"createRewardedInterstitial","decl":{"start":{"line":88,"column":16},"end":{"line":88,"column":42}},"loc":{"start":{"line":88,"column":42},"end":{"line":112,"column":1}}},"18":{"name":"attachRewardedInterstitial","decl":{"start":{"line":114,"column":16},"end":{"line":114,"column":42}},"loc":{"start":{"line":122,"column":1},"end":{"line":170,"column":1}}},"19":{"name":"(anonymous_19)","decl":{"start":{"line":134,"column":17},"end":{"line":134,"column":20}},"loc":{"start":{"line":134,"column":22},"end":{"line":137,"column":7}}},"20":{"name":"(anonymous_20)","decl":{"start":{"line":140,"column":17},"end":{"line":140,"column":20}},"loc":{"start":{"line":140,"column":22},"end":{"line":143,"column":7}}},"21":{"name":"(anonymous_21)","decl":{"start":{"line":159,"column":11},"end":{"line":159,"column":14}},"loc":{"start":{"line":159,"column":16},"end":{"line":164,"column":5}}}},"branchMap":{"0":{"loc":{"start":{"line":41,"column":0},"end":{"line":56,"column":1}},"type":"if","locations":[{"start":{"line":41,"column":0},"end":{"line":56,"column":1}},{"start":{},"end":{}}]},"1":{"loc":{"start":{"line":68,"column":2},"end":{"line":71,"column":3}},"type":"if","locations":[{"start":{"line":68,"column":2},"end":{"line":71,"column":3}},{"start":{},"end":{}}]},"2":{"loc":{"start":{"line":73,"column":2},"end":{"line":76,"column":3}},"type":"if","locations":[{"start":{"line":73,"column":2},"end":{"line":76,"column":3}},{"start":{},"end":{}}]},"3":{"loc":{"start":{"line":73,"column":6},"end":{"line":73,"column":33}},"type":"binary-expr","locations":[{"start":{"line":73,"column":6},"end":{"line":73,"column":19}},{"start":{"line":73,"column":23},"end":{"line":73,"column":33}}]},"4":{"loc":{"start":{"line":89,"column":2},"end":{"line":92,"column":3}},"type":"if","locations":[{"start":{"line":89,"column":2},"end":{"line":92,"column":3}},{"start":{},"end":{}}]},"5":{"loc":{"start":{"line":94,"column":2},"end":{"line":97,"column":3}},"type":"if","locations":[{"start":{"line":94,"column":2},"end":{"line":97,"column":3}},{"start":{},"end":{}}]},"6":{"loc":{"start":{"line":94,"column":6},"end":{"line":94,"column":46}},"type":"binary-expr","locations":[{"start":{"line":94,"column":6},"end":{"line":94,"column":19}},{"start":{"line":94,"column":23},"end":{"line":94,"column":46}}]},"7":{"loc":{"start":{"line":123,"column":2},"end":{"line":126,"column":3}},"type":"if","locations":[{"start":{"line":123,"column":2},"end":{"line":126,"column":3}},{"start":{},"end":{}}]},"8":{"loc":{"start":{"line":128,"column":2},"end":{"line":146,"column":3}},"type":"if","locations":[{"start":{"line":128,"column":2},"end":{"line":146,"column":3}},{"start":{},"end":{}}]},"9":{"loc":{"start":{"line":128,"column":6},"end":{"line":128,"column":59}},"type":"binary-expr","locations":[{"start":{"line":128,"column":6},"end":{"line":128,"column":19}},{"start":{"line":128,"column":23},"end":{"line":128,"column":43}},{"start":{"line":128,"column":47},"end":{"line":128,"column":59}}]},"10":{"loc":{"start":{"line":132,"column":4},"end":{"line":144,"column":5}},"type":"if","locations":[{"start":{"line":132,"column":4},"end":{"line":144,"column":5}},{"start":{"line":138,"column":11},"end":{"line":144,"column":5}}]}},"s":{"0":0,"1":0,"2":0,"3":0,"4":0,"5":0,"6":0,"7":0,"8":0,"9":0,"10":0,"11":0,"12":0,"13":0,"14":0,"15":0,"16":0,"17":0,"18":0,"19":0,"20":0,"21":0,"22":0,"23":0,"24":0,"25":0,"26":0,"27":0,"28":0,"29":0,"30":0,"31":0,"32":0,"33":0,"34":0,"35":0,"36":0,"37":0,"38":0,"39":0,"40":0,"41":0,"42":0,"43":0,"44":0,"45":0,"46":0,"47":0,"48":0,"49":0,"50":0,"51":0,"52":0,"53":0,"54":0,"55":0,"56":0,"57":0,"58":0,"59":0,"60":0,"61":0,"62":0,"63":0,"64":0,"65":0,"66":0,"67":0,"68":0,"69":0,"70":0,"71":0,"72":0,"73":0,"74":0,"75":0,"76":0,"77":0,"78":0,"79":0,"80":0,"81":0,"82":0,"83":0,"84":0,"85":0,"86":0,"87":0,"88":0,"89":0,"90":0,"91":0},"f":{"0":0,"1":0,"2":0,"3":0,"4":0,"5":0,"6":0,"7":0,"8":0,"9":0,"10":0,"11":0,"12":0,"13":0,"14":0,"15":0,"16":0,"17":0,"18":0,"19":0,"20":0,"21":0},"b":{"0":[0,0],"1":[0,0],"2":[0,0],"3":[0,0],"4":[0,0],"5":[0,0],"6":[0,0],"7":[0,0],"8":[0,0],"9":[0,0,0],"10":[0,0]}}
,"C:\\kwccproject\\pickplay\\pickplay\\app\\services\\ads.ts": {"path":"C:\\kwccproject\\pickplay\\pickplay\\app\\services\\ads.ts","statementMap":{"0":{"start":{"line":98,"column":0},"end":{"line":98,"column":7}},"1":{"start":{"line":106,"column":0},"end":{"line":106,"column":16}},"2":{"start":{"line":138,"column":0},"end":{"line":138,"column":16}},"3":{"start":{"line":1,"column":0},"end":{"line":1,"column":40}},"4":{"start":{"line":4,"column":17},"end":{"line":11,"column":1}},"5":{"start":{"line":5,"column":2},"end":{"line":10,"column":3}},"6":{"start":{"line":6,"column":4},"end":{"line":7,"column":67}},"7":{"start":{"line":9,"column":4},"end":{"line":9,"column":17}},"8":{"start":{"line":14,"column":17},"end":{"line":20,"column":2}},"9":{"start":{"line":24,"column":17},"end":{"line":24,"column":22}},"10":{"start":{"line":25,"column":18},"end":{"line":25,"column":23}},"11":{"start":{"line":26,"column":44},"end":{"line":26,"column":48}},"12":{"start":{"line":27,"column":44},"end":{"line":27,"column":48}},"13":{"start":{"line":28,"column":44},"end":{"line":28,"column":48}},"14":{"start":{"line":30,"column":2},"end":{"line":90,"column":4}},"15":{"start":{"line":32,"column":6},"end":{"line":32,"column":45}},"16":{"start":{"line":33,"column":6},"end":{"line":39,"column":15}},"17":{"start":{"line":34,"column":8},"end":{"line":34,"column":24}},"18":{"start":{"line":35,"column":8},"end":{"line":35,"column":47}},"19":{"start":{"line":36,"column":8},"end":{"line":38,"column":9}},"20":{"start":{"line":37,"column":10},"end":{"line":37,"column":27}},"21":{"start":{"line":42,"column":6},"end":{"line":42,"column":45}},"22":{"start":{"line":43,"column":6},"end":{"line":46,"column":7}},"23":{"start":{"line":44,"column":8},"end":{"line":44,"column":50}},"24":{"start":{"line":45,"column":8},"end":{"line":45,"column":15}},"25":{"start":{"line":48,"column":6},"end":{"line":48,"column":23}},"26":{"start":{"line":49,"column":6},"end":{"line":49,"column":47}},"27":{"start":{"line":52,"column":6},"end":{"line":67,"column":15}},"28":{"start":{"line":53,"column":8},"end":{"line":53,"column":54}},"29":{"start":{"line":54,"column":8},"end":{"line":54,"column":26}},"30":{"start":{"line":56,"column":8},"end":{"line":58,"column":9}},"31":{"start":{"line":57,"column":10},"end":{"line":57,"column":27}},"32":{"start":{"line":61,"column":8},"end":{"line":66,"column":16}},"33":{"start":{"line":62,"column":10},"end":{"line":62,"column":46}},"34":{"start":{"line":63,"column":10},"end":{"line":65,"column":11}},"35":{"start":{"line":64,"column":12},"end":{"line":64,"column":29}},"36":{"start":{"line":70,"column":6},"end":{"line":70,"column":59}},"37":{"start":{"line":73,"column":6},"end":{"line":75,"column":7}},"38":{"start":{"line":74,"column":8},"end":{"line":74,"column":34}},"39":{"start":{"line":78,"column":6},"end":{"line":80,"column":7}},"40":{"start":{"line":79,"column":8},"end":{"line":79,"column":34}},"41":{"start":{"line":83,"column":6},"end":{"line":85,"column":7}},"42":{"start":{"line":84,"column":8},"end":{"line":84,"column":34}},"43":{"start":{"line":87,"column":6},"end":{"line":87,"column":72}},"44":{"start":{"line":87,"column":19},"end":{"line":87,"column":71}},"45":{"start":{"line":89,"column":20},"end":{"line":89,"column":28}},"46":{"start":{"line":95,"column":2},"end":{"line":95,"column":52}},"47":{"start":{"line":95,"column":15},"end":{"line":95,"column":51}},"48":{"start":{"line":99,"column":2},"end":{"line":102,"column":3}},"49":{"start":{"line":100,"column":4},"end":{"line":100,"column":46}},"50":{"start":{"line":101,"column":4},"end":{"line":101,"column":11}},"51":{"start":{"line":103,"column":2},"end":{"line":103,"column":33}},"52":{"start":{"line":108,"column":2},"end":{"line":111,"column":3}},"53":{"start":{"line":109,"column":4},"end":{"line":109,"column":46}},"54":{"start":{"line":110,"column":4},"end":{"line":110,"column":33}},"55":{"start":{"line":114,"column":2},"end":{"line":135,"column":3}},"56":{"start":{"line":115,"column":48},"end":{"line":115,"column":89}},"57":{"start":{"line":118,"column":29},"end":{"line":118,"column":84}},"58":{"start":{"line":119,"column":21},"end":{"line":119,"column":37}},"59":{"start":{"line":121,"column":4},"end":{"line":121,"column":48}},"60":{"start":{"line":122,"column":4},"end":{"line":122,"column":46}},"61":{"start":{"line":123,"column":4},"end":{"line":123,"column":42}},"62":{"start":{"line":125,"column":21},"end":{"line":128,"column":6}},"63":{"start":{"line":130,"column":4},"end":{"line":130,"column":20}},"64":{"start":{"line":132,"column":4},"end":{"line":132,"column":45}},"65":{"start":{"line":133,"column":4},"end":{"line":133,"column":32}},"66":{"start":{"line":134,"column":4},"end":{"line":134,"column":33}},"67":{"start":{"line":148,"column":2},"end":{"line":175,"column":3}},"68":{"start":{"line":149,"column":4},"end":{"line":149,"column":47}},"69":{"start":{"line":152,"column":30},"end":{"line":155,"column":6}},"70":{"start":{"line":153,"column":6},"end":{"line":153,"column":42}},"71":{"start":{"line":154,"column":6},"end":{"line":154,"column":17}},"72":{"start":{"line":157,"column":30},"end":{"line":160,"column":6}},"73":{"start":{"line":158,"column":6},"end":{"line":158,"column":39}},"74":{"start":{"line":159,"column":6},"end":{"line":159,"column":17}},"75":{"start":{"line":162,"column":30},"end":{"line":165,"column":6}},"76":{"start":{"line":163,"column":6},"end":{"line":163,"column":39}},"77":{"start":{"line":164,"column":6},"end":{"line":164,"column":17}},"78":{"start":{"line":170,"column":4},"end":{"line":174,"column":6}},"79":{"start":{"line":171,"column":6},"end":{"line":171,"column":26}},"80":{"start":{"line":172,"column":6},"end":{"line":172,"column":26}},"81":{"start":{"line":173,"column":6},"end":{"line":173,"column":26}},"82":{"start":{"line":178,"column":2},"end":{"line":199,"column":3}},"83":{"start":{"line":179,"column":49},"end":{"line":179,"column":90}},"84":{"start":{"line":181,"column":4},"end":{"line":181,"column":36}},"85":{"start":{"line":183,"column":28},"end":{"line":183,"column":87}},"86":{"start":{"line":184,"column":28},"end":{"line":184,"column":94}},"87":{"start":{"line":185,"column":28},"end":{"line":185,"column":79}},"88":{"start":{"line":188,"column":2},"end":{"line":188,"column":12}},"89":{"start":{"line":190,"column":2},"end":{"line":194,"column":4}},"90":{"start":{"line":191,"column":4},"end":{"line":191,"column":24}},"91":{"start":{"line":192,"column":4},"end":{"line":192,"column":24}},"92":{"start":{"line":193,"column":4},"end":{"line":193,"column":24}},"93":{"start":{"line":196,"column":4},"end":{"line":196,"column":45}},"94":{"start":{"line":197,"column":4},"end":{"line":197,"column":33}},"95":{"start":{"line":198,"column":4},"end":{"line":198,"column":39}}},"fnMap":{"0":{"name":"(anonymous_0)","decl":{"start":{"line":4,"column":17},"end":{"line":4,"column":20}},"loc":{"start":{"line":4,"column":22},"end":{"line":11,"column":1}}},"1":{"name":"createExpoGoDummyAd","decl":{"start":{"line":23,"column":9},"end":{"line":23,"column":28}},"loc":{"start":{"line":23,"column":28},"end":{"line":91,"column":1}}},"2":{"name":"(anonymous_2)","decl":{"start":{"line":31,"column":10},"end":{"line":31,"column":13}},"loc":{"start":{"line":31,"column":15},"end":{"line":40,"column":5}}},"3":{"name":"(anonymous_3)","decl":{"start":{"line":33,"column":17},"end":{"line":33,"column":20}},"loc":{"start":{"line":33,"column":22},"end":{"line":39,"column":7}}},"4":{"name":"(anonymous_4)","decl":{"start":{"line":41,"column":10},"end":{"line":41,"column":13}},"loc":{"start":{"line":41,"column":15},"end":{"line":68,"column":5}}},"5":{"name":"(anonymous_5)","decl":{"start":{"line":52,"column":17},"end":{"line":52,"column":20}},"loc":{"start":{"line":52,"column":22},"end":{"line":67,"column":7}}},"6":{"name":"(anonymous_6)","decl":{"start":{"line":61,"column":19},"end":{"line":61,"column":22}},"loc":{"start":{"line":61,"column":24},"end":{"line":66,"column":9}}},"7":{"name":"(anonymous_7)","decl":{"start":{"line":69,"column":24},"end":{"line":69,"column":25}},"loc":{"start":{"line":69,"column":68},"end":{"line":88,"column":5}}},"8":{"name":"(anonymous_8)","decl":{"start":{"line":87,"column":13},"end":{"line":87,"column":16}},"loc":{"start":{"line":87,"column":19},"end":{"line":87,"column":71}}},"9":{"name":"(anonymous_9)","decl":{"start":{"line":89,"column":14},"end":{"line":89,"column":17}},"loc":{"start":{"line":89,"column":20},"end":{"line":89,"column":28}}},"10":{"name":"createExpoGoDummyListener","decl":{"start":{"line":94,"column":9},"end":{"line":94,"column":34}},"loc":{"start":{"line":94,"column":34},"end":{"line":96,"column":1}}},"11":{"name":"(anonymous_11)","decl":{"start":{"line":95,"column":9},"end":{"line":95,"column":12}},"loc":{"start":{"line":95,"column":15},"end":{"line":95,"column":51}}},"12":{"name":"initAds","decl":{"start":{"line":98,"column":22},"end":{"line":98,"column":29}},"loc":{"start":{"line":98,"column":29},"end":{"line":104,"column":1}}},"13":{"name":"createRewardedInterstitial","decl":{"start":{"line":106,"column":16},"end":{"line":106,"column":42}},"loc":{"start":{"line":106,"column":42},"end":{"line":136,"column":1}}},"14":{"name":"attachRewardedInterstitial","decl":{"start":{"line":138,"column":16},"end":{"line":138,"column":42}},"loc":{"start":{"line":146,"column":1},"end":{"line":200,"column":1}}},"15":{"name":"(anonymous_15)","decl":{"start":{"line":152,"column":62},"end":{"line":152,"column":65}},"loc":{"start":{"line":152,"column":67},"end":{"line":155,"column":5}}},"16":{"name":"(anonymous_16)","decl":{"start":{"line":157,"column":69},"end":{"line":157,"column":72}},"loc":{"start":{"line":157,"column":74},"end":{"line":160,"column":5}}},"17":{"name":"(anonymous_17)","decl":{"start":{"line":162,"column":62},"end":{"line":162,"column":65}},"loc":{"start":{"line":162,"column":67},"end":{"line":165,"column":5}}},"18":{"name":"(anonymous_18)","decl":{"start":{"line":170,"column":11},"end":{"line":170,"column":14}},"loc":{"start":{"line":170,"column":16},"end":{"line":174,"column":5}}},"19":{"name":"(anonymous_19)","decl":{"start":{"line":190,"column":9},"end":{"line":190,"column":12}},"loc":{"start":{"line":190,"column":14},"end":{"line":194,"column":3}}}},"branchMap":{"0":{"loc":{"start":{"line":6,"column":11},"end":{"line":7,"column":66}},"type":"binary-expr","locations":[{"start":{"line":6,"column":11},"end":{"line":6,"column":54}},{"start":{"line":7,"column":12},"end":{"line":7,"column":66}}]},"1":{"loc":{"start":{"line":36,"column":8},"end":{"line":38,"column":9}},"type":"if","locations":[{"start":{"line":36,"column":8},"end":{"line":38,"column":9}},{"start":{},"end":{}}]},"2":{"loc":{"start":{"line":43,"column":6},"end":{"line":46,"column":7}},"type":"if","locations":[{"start":{"line":43,"column":6},"end":{"line":46,"column":7}},{"start":{},"end":{}}]},"3":{"loc":{"start":{"line":56,"column":8},"end":{"line":58,"column":9}},"type":"if","locations":[{"start":{"line":56,"column":8},"end":{"line":58,"column":9}},{"start":{},"end":{}}]},"4":{"loc":{"start":{"line":63,"column":10},"end":{"line":65,"column":11}},"type":"if","locations":[{"start":{"line":63,"column":10},"end":{"line":65,"column":11}},{"start":{},"end":{}}]},"5":{"loc":{"start":{"line":73,"column":6},"end":{"line":75,"column":7}},"type":"if","locations":[{"start":{"line":73,"column":6},"end":{"line":75,"column":7}},{"start":{},"end":{}}]},"6":{"loc":{"start":{"line":78,"column":6},"end":{"line":80,"column":7}},"type":"if","locations":[{"start":{"line":78,"column":6},"end":{"line":80,"column":7}},{"start":{},"end":{}}]},"7":{"loc":{"start":{"line":83,"column":6},"end":{"line":85,"column":7}},"type":"if","locations":[{"start":{"line":83,"column":6},"end":{"line":85,"column":7}},{"start":{},"end":{}}]},"8":{"loc":{"start":{"line":99,"column":2},"end":{"line":102,"column":3}},"type":"if","locations":[{"start":{"line":99,"column":2},"end":{"line":102,"column":3}},{"start":{},"end":{}}]},"9":{"loc":{"start":{"line":108,"column":2},"end":{"line":111,"column":3}},"type":"if","locations":[{"start":{"line":108,"column":2},"end":{"line":111,"column":3}},{"start":{},"end":{}}]},"10":{"loc":{"start":{"line":118,"column":29},"end":{"line":118,"column":84}},"type":"cond-expr","locations":[{"start":{"line":118,"column":53},"end":{"line":118,"column":65}},{"start":{"line":118,"column":68},"end":{"line":118,"column":84}}]},"11":{"loc":{"start":{"line":148,"column":2},"end":{"line":175,"column":3}},"type":"if","locations":[{"start":{"line":148,"column":2},"end":{"line":175,"column":3}},{"start":{},"end":{}}]}},"s":{"0":0,"1":0,"2":0,"3":0,"4":0,"5":0,"6":0,"7":0,"8":0,"9":0,"10":0,"11":0,"12":0,"13":0,"14":0,"15":0,"16":0,"17":0,"18":0,"19":0,"20":0,"21":0,"22":0,"23":0,"24":0,"25":0,"26":0,"27":0,"28":0,"29":0,"30":0,"31":0,"32":0,"33":0,"34":0,"35":0,"36":0,"37":0,"38":0,"39":0,"40":0,"41":0,"42":0,"43":0,"44":0,"45":0,"46":0,"47":0,"48":0,"49":0,"50":0,"51":0,"52":0,"53":0,"54":0,"55":0,"56":0,"57":0,"58":0,"59":0,"60":0,"61":0,"62":0,"63":0,"64":0,"65":0,"66":0,"67":0,"68":0,"69":0,"70":0,"71":0,"72":0,"73":0,"74":0,"75":0,"76":0,"77":0,"78":0,"79":0,"80":0,"81":0,"82":0,"83":0,"84":0,"85":0,"86":0,"87":0,"88":0,"89":0,"90":0,"91":0,"92":0,"93":0,"94":0,"95":0},"f":{"0":0,"1":0,"2":0,"3":0,"4":0,"5":0,"6":0,"7":0,"8":0,"9":0,"10":0,"11":0,"12":0,"13":0,"14":0,"15":0,"16":0,"17":0,"18":0,"19":0},"b":{"0":[0,0],"1":[0,0],"2":[0,0],"3":[0,0],"4":[0,0],"5":[0,0],"6":[0,0],"7":[0,0],"8":[0,0],"9":[0,0],"10":[0,0],"11":[0,0]}}
,"C:\\kwccproject\\pickplay\\pickplay\\app\\services\\authGuard.ts": {"path":"C:\\kwccproject\\pickplay\\pickplay\\app\\services\\authGuard.ts","statementMap":{"0":{"start":{"line":10,"column":0},"end":{"line":10,"column":16}},"1":{"start":{"line":34,"column":0},"end":{"line":34,"column":16}},"2":{"start":{"line":1,"column":0},"end":{"line":1,"column":70}},"3":{"start":{"line":3,"column":16},"end":{"line":3,"column":21}},"4":{"start":{"line":4,"column":62},"end":{"line":4,"column":66}},"5":{"start":{"line":5,"column":33},"end":{"line":5,"column":37}},"6":{"start":{"line":11,"column":18},"end":{"line":11,"column":36}},"7":{"start":{"line":12,"column":2},"end":{"line":12,"column":47}},"8":{"start":{"line":12,"column":15},"end":{"line":12,"column":47}},"9":{"start":{"line":13,"column":2},"end":{"line":13,"column":32}},"10":{"start":{"line":13,"column":16},"end":{"line":13,"column":32}},"11":{"start":{"line":15,"column":2},"end":{"line":15,"column":19}},"12":{"start":{"line":16,"column":2},"end":{"line":26,"column":7}},"13":{"start":{"line":18,"column":17},"end":{"line":18,"column":25}},"14":{"start":{"line":20,"column":6},"end":{"line":20,"column":82}},"15":{"start":{"line":21,"column":6},"end":{"line":21,"column":18}},"16":{"start":{"line":24,"column":6},"end":{"line":24,"column":24}},"17":{"start":{"line":25,"column":6},"end":{"line":25,"column":22}},"18":{"start":{"line":28,"column":2},"end":{"line":28,"column":18}},"19":{"start":{"line":35,"column":2},"end":{"line":35,"column":21}},"20":{"start":{"line":35,"column":13},"end":{"line":35,"column":21}},"21":{"start":{"line":37,"column":2},"end":{"line":46,"column":5}},"22":{"start":{"line":38,"column":4},"end":{"line":41,"column":5}},"23":{"start":{"line":39,"column":6},"end":{"line":39,"column":25}},"24":{"start":{"line":40,"column":6},"end":{"line":40,"column":13}},"25":{"start":{"line":42,"column":4},"end":{"line":45,"column":5}},"26":{"start":{"line":43,"column":19},"end":{"line":43,"column":46}},"27":{"start":{"line":44,"column":6},"end":{"line":44,"column":42}},"28":{"start":{"line":48,"column":2},"end":{"line":53,"column":4}},"29":{"start":{"line":49,"column":4},"end":{"line":52,"column":5}},"30":{"start":{"line":50,"column":6},"end":{"line":50,"column":14}},"31":{"start":{"line":51,"column":6},"end":{"line":51,"column":19}}},"fnMap":{"0":{"name":"ensureAnonymousAuth","decl":{"start":{"line":10,"column":16},"end":{"line":10,"column":35}},"loc":{"start":{"line":10,"column":35},"end":{"line":29,"column":1}}},"1":{"name":"(anonymous_2)","decl":{"start":{"line":18,"column":10},"end":{"line":18,"column":13}},"loc":{"start":{"line":18,"column":17},"end":{"line":18,"column":25}}},"2":{"name":"(anonymous_3)","decl":{"start":{"line":19,"column":11},"end":{"line":19,"column":14}},"loc":{"start":{"line":19,"column":17},"end":{"line":22,"column":5}}},"3":{"name":"(anonymous_4)","decl":{"start":{"line":23,"column":13},"end":{"line":23,"column":16}},"loc":{"start":{"line":23,"column":18},"end":{"line":26,"column":5}}},"4":{"name":"watchAuth","decl":{"start":{"line":34,"column":16},"end":{"line":34,"column":25}},"loc":{"start":{"line":34,"column":68},"end":{"line":54,"column":1}}},"5":{"name":"(anonymous_6)","decl":{"start":{"line":37,"column":36},"end":{"line":37,"column":41}},"loc":{"start":{"line":37,"column":48},"end":{"line":46,"column":3}}},"6":{"name":"(anonymous_7)","decl":{"start":{"line":48,"column":9},"end":{"line":48,"column":12}},"loc":{"start":{"line":48,"column":14},"end":{"line":53,"column":3}}}},"branchMap":{"0":{"loc":{"start":{"line":12,"column":2},"end":{"line":12,"column":47}},"type":"if","locations":[{"start":{"line":12,"column":2},"end":{"line":12,"column":47}},{"start":{},"end":{}}]},"1":{"loc":{"start":{"line":13,"column":2},"end":{"line":13,"column":32}},"type":"if","locations":[{"start":{"line":13,"column":2},"end":{"line":13,"column":32}},{"start":{},"end":{}}]},"2":{"loc":{"start":{"line":20,"column":56},"end":{"line":20,"column":80}},"type":"binary-expr","locations":[{"start":{"line":20,"column":56},"end":{"line":20,"column":73}},{"start":{"line":20,"column":77},"end":{"line":20,"column":80}}]},"3":{"loc":{"start":{"line":35,"column":2},"end":{"line":35,"column":21}},"type":"if","locations":[{"start":{"line":35,"column":2},"end":{"line":35,"column":21}},{"start":{},"end":{}}]},"4":{"loc":{"start":{"line":38,"column":4},"end":{"line":41,"column":5}},"type":"if","locations":[{"start":{"line":38,"column":4},"end":{"line":41,"column":5}},{"start":{},"end":{}}]},"5":{"loc":{"start":{"line":42,"column":4},"end":{"line":45,"column":5}},"type":"if","locations":[{"start":{"line":42,"column":4},"end":{"line":45,"column":5}},{"start":{},"end":{}}]},"6":{"loc":{"start":{"line":44,"column":9},"end":{"line":44,"column":40}},"type":"cond-expr","locations":[{"start":{"line":44,"column":16},"end":{"line":44,"column":33}},{"start":{"line":44,"column":36},"end":{"line":44,"column":40}}]},"7":{"loc":{"start":{"line":49,"column":4},"end":{"line":52,"column":5}},"type":"if","locations":[{"start":{"line":49,"column":4},"end":{"line":52,"column":5}},{"start":{},"end":{}}]}},"s":{"0":0,"1":0,"2":0,"3":0,"4":0,"5":0,"6":0,"7":0,"8":0,"9":0,"10":0,"11":0,"12":0,"13":0,"14":0,"15":0,"16":0,"17":0,"18":0,"19":0,"20":0,"21":0,"22":0,"23":0,"24":0,"25":0,"26":0,"27":0,"28":0,"29":0,"30":0,"31":0},"f":{"0":0,"1":0,"2":0,"3":0,"4":0,"5":0,"6":0},"b":{"0":[0,0],"1":[0,0],"2":[0,0],"3":[0,0],"4":[0,0],"5":[0,0],"6":[0,0],"7":[0,0]}}
,"C:\\kwccproject\\pickplay\\pickplay\\app\\services\\banner-ads.ts": {"path":"C:\\kwccproject\\pickplay\\pickplay\\app\\services\\banner-ads.ts","statementMap":{"0":{"start":{"line":1,"column":0},"end":{"line":1,"column":40}},"1":{"start":{"line":3,"column":27},"end":{"line":9,"column":2}},"2":{"start":{"line":12,"column":24},"end":{"line":19,"column":1}},"3":{"start":{"line":13,"column":2},"end":{"line":18,"column":3}},"4":{"start":{"line":14,"column":4},"end":{"line":15,"column":67}},"5":{"start":{"line":17,"column":4},"end":{"line":17,"column":17}},"6":{"start":{"line":12,"column":13},"end":{"line":12,"column":24}},"7":{"start":{"line":21,"column":33},"end":{"line":35,"column":1}},"8":{"start":{"line":22,"column":2},"end":{"line":34,"column":3}},"9":{"start":{"line":23,"column":29},"end":{"line":23,"column":104}},"10":{"start":{"line":24,"column":21},"end":{"line":24,"column":37}},"11":{"start":{"line":26,"column":4},"end":{"line":26,"column":49}},"12":{"start":{"line":27,"column":4},"end":{"line":27,"column":46}},"13":{"start":{"line":28,"column":4},"end":{"line":28,"column":42}},"14":{"start":{"line":30,"column":4},"end":{"line":30,"column":20}},"15":{"start":{"line":32,"column":4},"end":{"line":32,"column":69}},"16":{"start":{"line":33,"column":4},"end":{"line":33,"column":16}},"17":{"start":{"line":21,"column":13},"end":{"line":21,"column":33}}},"fnMap":{"0":{"name":"(anonymous_0)","decl":{"start":{"line":12,"column":24},"end":{"line":12,"column":27}},"loc":{"start":{"line":12,"column":29},"end":{"line":19,"column":1}}},"1":{"name":"(anonymous_1)","decl":{"start":{"line":21,"column":33},"end":{"line":21,"column":36}},"loc":{"start":{"line":21,"column":38},"end":{"line":35,"column":1}}}},"branchMap":{"0":{"loc":{"start":{"line":14,"column":11},"end":{"line":15,"column":66}},"type":"binary-expr","locations":[{"start":{"line":14,"column":11},"end":{"line":14,"column":54}},{"start":{"line":15,"column":12},"end":{"line":15,"column":66}}]},"1":{"loc":{"start":{"line":23,"column":29},"end":{"line":23,"column":104}},"type":"cond-expr","locations":[{"start":{"line":23,"column":53},"end":{"line":23,"column":75}},{"start":{"line":23,"column":78},"end":{"line":23,"column":104}}]}},"s":{"0":0,"1":0,"2":0,"3":0,"4":0,"5":0,"6":0,"7":0,"8":0,"9":0,"10":0,"11":0,"12":0,"13":0,"14":0,"15":0,"16":0,"17":0},"f":{"0":0,"1":0},"b":{"0":[0,0],"1":[0,0]}}
,"C:\\kwccproject\\pickplay\\pickplay\\app\\services\\firebase.ts": {"path":"C:\\kwccproject\\pickplay\\pickplay\\app\\services\\firebase.ts","statementMap":{"0":{"start":{"line":11,"column":0},"end":{"line":11,"column":7}},"1":{"start":{"line":1,"column":0},"end":{"line":1,"column":69}},"2":{"start":{"line":3,"column":0},"end":{"line":3,"column":9}},"3":{"start":{"line":3,"column":9},"end":{"line":3,"column":20}},"4":{"start":{"line":3,"column":20},"end":{"line":3,"column":74}},"5":{"start":{"line":4,"column":0},"end":{"line":4,"column":57}},"6":{"start":{"line":8,"column":13},"end":{"line":8,"column":30}},"7":{"start":{"line":12,"column":2},"end":{"line":28,"column":3}},"8":{"start":{"line":13,"column":20},"end":{"line":13,"column":59}},"9":{"start":{"line":15,"column":4},"end":{"line":22,"column":5}},"10":{"start":{"line":17,"column":6},"end":{"line":17,"column":84}},"11":{"start":{"line":18,"column":6},"end":{"line":18,"column":57}},"12":{"start":{"line":19,"column":6},"end":{"line":19,"column":49}},"13":{"start":{"line":21,"column":6},"end":{"line":21,"column":48}},"14":{"start":{"line":24,"column":4},"end":{"line":24,"column":21}},"15":{"start":{"line":26,"column":4},"end":{"line":26,"column":41}},"16":{"start":{"line":27,"column":4},"end":{"line":27,"column":43}},"17":{"start":{"line":33,"column":2},"end":{"line":37,"column":3}},"18":{"start":{"line":34,"column":4},"end":{"line":34,"column":49}},"19":{"start":{"line":36,"column":4},"end":{"line":36,"column":16}},"20":{"start":{"line":42,"column":2},"end":{"line":46,"column":3}},"21":{"start":{"line":43,"column":4},"end":{"line":43,"column":47}},"22":{"start":{"line":51,"column":2},"end":{"line":56,"column":3}},"23":{"start":{"line":52,"column":17},"end":{"line":52,"column":55}},"24":{"start":{"line":53,"column":4},"end":{"line":53,"column":42}},"25":{"start":{"line":55,"column":4},"end":{"line":55,"column":16}},"26":{"start":{"line":61,"column":2},"end":{"line":65,"column":3}},"27":{"start":{"line":62,"column":4},"end":{"line":62,"column":65}},"28":{"start":{"line":73,"column":0},"end":{"line":73,"column":9}},"29":{"start":{"line":73,"column":9},"end":{"line":73,"column":50}}},"fnMap":{"0":{"name":"(anonymous_1)","decl":{"start":{"line":3,"column":9},"end":{"line":3,"column":18}},"loc":{"start":{"line":3,"column":9},"end":{"line":3,"column":20}}},"1":{"name":"(anonymous_2)","decl":{"start":{"line":3,"column":20},"end":{"line":3,"column":39}},"loc":{"start":{"line":3,"column":20},"end":{"line":3,"column":74}}},"2":{"name":"getDeviceUID","decl":{"start":{"line":11,"column":22},"end":{"line":11,"column":34}},"loc":{"start":{"line":11,"column":34},"end":{"line":29,"column":1}}},"3":{"name":"getSavedUID","decl":{"start":{"line":32,"column":15},"end":{"line":32,"column":26}},"loc":{"start":{"line":32,"column":26},"end":{"line":38,"column":1}}},"4":{"name":"saveUID","decl":{"start":{"line":41,"column":15},"end":{"line":41,"column":22}},"loc":{"start":{"line":41,"column":34},"end":{"line":47,"column":1}}},"5":{"name":"getSavedUserData","decl":{"start":{"line":50,"column":15},"end":{"line":50,"column":31}},"loc":{"start":{"line":50,"column":31},"end":{"line":57,"column":1}}},"6":{"name":"saveUserData","decl":{"start":{"line":60,"column":15},"end":{"line":60,"column":27}},"loc":{"start":{"line":60,"column":97},"end":{"line":66,"column":1}}},"7":{"name":"(anonymous_8)","decl":{"start":{"line":73,"column":9},"end":{"line":73,"column":28}},"loc":{"start":{"line":73,"column":9},"end":{"line":73,"column":50}}}},"branchMap":{"0":{"loc":{"start":{"line":15,"column":4},"end":{"line":22,"column":5}},"type":"if","locations":[{"start":{"line":15,"column":4},"end":{"line":22,"column":5}},{"start":{"line":20,"column":11},"end":{"line":22,"column":5}}]},"1":{"loc":{"start":{"line":53,"column":11},"end":{"line":53,"column":41}},"type":"cond-expr","locations":[{"start":{"line":53,"column":18},"end":{"line":53,"column":34}},{"start":{"line":53,"column":37},"end":{"line":53,"column":41}}]}},"s":{"0":0,"1":0,"2":0,"3":0,"4":0,"5":0,"6":0,"7":0,"8":0,"9":0,"10":0,"11":0,"12":0,"13":0,"14":0,"15":0,"16":0,"17":0,"18":0,"19":0,"20":0,"21":0,"22":0,"23":0,"24":0,"25":0,"26":0,"27":0,"28":0,"29":0},"f":{"0":0,"1":0,"2":0,"3":0,"4":0,"5":0,"6":0,"7":0},"b":{"0":[0,0],"1":[0,0]}}
,"C:\\kwccproject\\pickplay\\pickplay\\app\\services\\notifications.ts": {"path":"C:\\kwccproject\\pickplay\\pickplay\\app\\services\\notifications.ts","statementMap":{"0":{"start":{"line":23,"column":0},"end":{"line":23,"column":7}},"1":{"start":{"line":64,"column":0},"end":{"line":64,"column":7}},"2":{"start":{"line":84,"column":0},"end":{"line":84,"column":7}},"3":{"start":{"line":94,"column":0},"end":{"line":94,"column":7}},"4":{"start":{"line":107,"column":0},"end":{"line":107,"column":7}},"5":{"start":{"line":145,"column":0},"end":{"line":145,"column":7}},"6":{"start":{"line":172,"column":0},"end":{"line":172,"column":16}},"7":{"start":{"line":189,"column":0},"end":{"line":189,"column":7}},"8":{"start":{"line":237,"column":0},"end":{"line":237,"column":7}},"9":{"start":{"line":1,"column":0},"end":{"line":1,"column":69}},"10":{"start":{"line":2,"column":0},"end":{"line":2,"column":38}},"11":{"start":{"line":3,"column":0},"end":{"line":3,"column":52}},"12":{"start":{"line":4,"column":0},"end":{"line":4,"column":40}},"13":{"start":{"line":5,"column":0},"end":{"line":5,"column":65}},"14":{"start":{"line":6,"column":0},"end":{"line":6,"column":57}},"15":{"start":{"line":9,"column":0},"end":{"line":17,"column":3}},"16":{"start":{"line":10,"column":35},"end":{"line":16,"column":4}},"17":{"start":{"line":20,"column":22},"end":{"line":20,"column":33}},"18":{"start":{"line":26,"column":2},"end":{"line":33,"column":3}},"19":{"start":{"line":27,"column":4},"end":{"line":32,"column":7}},"20":{"start":{"line":35,"column":2},"end":{"line":57,"column":3}},"21":{"start":{"line":36,"column":39},"end":{"line":36,"column":80}},"22":{"start":{"line":37,"column":22},"end":{"line":37,"column":36}},"23":{"start":{"line":39,"column":4},"end":{"line":42,"column":5}},"24":{"start":{"line":40,"column":25},"end":{"line":40,"column":70}},"25":{"start":{"line":41,"column":6},"end":{"line":41,"column":27}},"26":{"start":{"line":44,"column":4},"end":{"line":47,"column":5}},"27":{"start":{"line":45,"column":6},"end":{"line":45,"column":41}},"28":{"start":{"line":46,"column":6},"end":{"line":46,"column":13}},"29":{"start":{"line":50,"column":4},"end":{"line":52,"column":13}},"30":{"start":{"line":54,"column":4},"end":{"line":54,"column":39}},"31":{"start":{"line":56,"column":4},"end":{"line":56,"column":43}},"32":{"start":{"line":59,"column":2},"end":{"line":59,"column":15}},"33":{"start":{"line":65,"column":2},"end":{"line":80,"column":3}},"34":{"start":{"line":66,"column":16},"end":{"line":66,"column":67}},"35":{"start":{"line":67,"column":4},"end":{"line":76,"column":6}},"36":{"start":{"line":77,"column":4},"end":{"line":77,"column":49}},"37":{"start":{"line":79,"column":4},"end":{"line":79,"column":58}},"38":{"start":{"line":85,"column":2},"end":{"line":90,"column":3}},"39":{"start":{"line":86,"column":4},"end":{"line":86,"column":53}},"40":{"start":{"line":87,"column":4},"end":{"line":87,"column":35}},"41":{"start":{"line":89,"column":4},"end":{"line":89,"column":44}},"42":{"start":{"line":95,"column":2},"end":{"line":100,"column":3}},"43":{"start":{"line":96,"column":4},"end":{"line":96,"column":53}},"44":{"start":{"line":98,"column":4},"end":{"line":98,"column":44}},"45":{"start":{"line":99,"column":4},"end":{"line":99,"column":16}},"46":{"start":{"line":108,"column":2},"end":{"line":139,"column":3}},"47":{"start":{"line":109,"column":22},"end":{"line":109,"column":77}},"48":{"start":{"line":110,"column":18},"end":{"line":110,"column":83}},"49":{"start":{"line":110,"column":40},"end":{"line":110,"column":82}},"50":{"start":{"line":113,"column":4},"end":{"line":118,"column":5}},"51":{"start":{"line":114,"column":6},"end":{"line":116,"column":8}},"52":{"start":{"line":115,"column":32},"end":{"line":115,"column":92}},"53":{"start":{"line":117,"column":6},"end":{"line":117,"column":13}},"54":{"start":{"line":121,"column":4},"end":{"line":121,"column":35}},"55":{"start":{"line":121,"column":28},"end":{"line":121,"column":35}},"56":{"start":{"line":124,"column":4},"end":{"line":135,"column":7}},"57":{"start":{"line":136,"column":4},"end":{"line":136,"column":71}},"58":{"start":{"line":138,"column":4},"end":{"line":138,"column":58}},"59":{"start":{"line":146,"column":2},"end":{"line":168,"column":3}},"60":{"start":{"line":147,"column":4},"end":{"line":165,"column":5}},"61":{"start":{"line":148,"column":6},"end":{"line":155,"column":9}},"62":{"start":{"line":156,"column":11},"end":{"line":165,"column":5}},"63":{"start":{"line":157,"column":6},"end":{"line":164,"column":9}},"64":{"start":{"line":167,"column":4},"end":{"line":167,"column":43}},"65":{"start":{"line":173,"column":23},"end":{"line":175,"column":4}},"66":{"start":{"line":174,"column":4},"end":{"line":174,"column":43}},"67":{"start":{"line":177,"column":31},"end":{"line":180,"column":4}},"68":{"start":{"line":178,"column":4},"end":{"line":178,"column":39}},"69":{"start":{"line":182,"column":2},"end":{"line":185,"column":4}},"70":{"start":{"line":183,"column":4},"end":{"line":183,"column":26}},"71":{"start":{"line":184,"column":4},"end":{"line":184,"column":34}},"72":{"start":{"line":190,"column":2},"end":{"line":233,"column":3}},"73":{"start":{"line":191,"column":18},"end":{"line":191,"column":25}},"74":{"start":{"line":192,"column":4},"end":{"line":194,"column":5}},"75":{"start":{"line":193,"column":6},"end":{"line":193,"column":53}},"76":{"start":{"line":196,"column":4},"end":{"line":203,"column":5}},"77":{"start":{"line":197,"column":6},"end":{"line":202,"column":9}},"78":{"start":{"line":206,"column":4},"end":{"line":206,"column":50}},"79":{"start":{"line":207,"column":18},"end":{"line":207,"column":59}},"80":{"start":{"line":208,"column":4},"end":{"line":221,"column":5}},"81":{"start":{"line":209,"column":6},"end":{"line":217,"column":7}},"82":{"start":{"line":210,"column":21},"end":{"line":210,"column":47}},"83":{"start":{"line":211,"column":20},"end":{"line":211,"column":29}},"84":{"start":{"line":212,"column":8},"end":{"line":214,"column":9}},"85":{"start":{"line":213,"column":10},"end":{"line":213,"column":100}},"86":{"start":{"line":216,"column":8},"end":{"line":216,"column":50}},"87":{"start":{"line":219,"column":6},"end":{"line":219,"column":32}},"88":{"start":{"line":220,"column":6},"end":{"line":220,"column":38}},"89":{"start":{"line":223,"column":20},"end":{"line":223,"column":47}},"90":{"start":{"line":229,"column":4},"end":{"line":229,"column":19}},"91":{"start":{"line":231,"column":4},"end":{"line":231,"column":41}},"92":{"start":{"line":232,"column":4},"end":{"line":232,"column":20}},"93":{"start":{"line":238,"column":2},"end":{"line":266,"column":3}},"94":{"start":{"line":239,"column":39},"end":{"line":239,"column":80}},"95":{"start":{"line":240,"column":22},"end":{"line":240,"column":36}},"96":{"start":{"line":241,"column":4},"end":{"line":244,"column":5}},"97":{"start":{"line":242,"column":25},"end":{"line":242,"column":70}},"98":{"start":{"line":243,"column":6},"end":{"line":243,"column":27}},"99":{"start":{"line":245,"column":4},"end":{"line":247,"column":5}},"100":{"start":{"line":246,"column":6},"end":{"line":246,"column":65}},"101":{"start":{"line":249,"column":18},"end":{"line":251,"column":12}},"102":{"start":{"line":253,"column":17},"end":{"line":253,"column":43}},"103":{"start":{"line":254,"column":16},"end":{"line":254,"column":25}},"104":{"start":{"line":255,"column":4},"end":{"line":257,"column":5}},"105":{"start":{"line":256,"column":6},"end":{"line":256,"column":60}},"106":{"start":{"line":259,"column":4},"end":{"line":259,"column":94}},"107":{"start":{"line":260,"column":4},"end":{"line":260,"column":30}},"108":{"start":{"line":261,"column":4},"end":{"line":261,"column":31}},"109":{"start":{"line":263,"column":20},"end":{"line":263,"column":43}},"110":{"start":{"line":264,"column":4},"end":{"line":264,"column":56}},"111":{"start":{"line":265,"column":4},"end":{"line":265,"column":69}}},"fnMap":{"0":{"name":"(anonymous_10)","decl":{"start":{"line":10,"column":22},"end":{"line":10,"column":27}},"loc":{"start":{"line":10,"column":35},"end":{"line":16,"column":4}}},"1":{"name":"registerForPushNotificationsAsync","decl":{"start":{"line":23,"column":22},"end":{"line":23,"column":55}},"loc":{"start":{"line":23,"column":55},"end":{"line":60,"column":1}}},"2":{"name":"saveExpoPushTokenToFirestore","decl":{"start":{"line":64,"column":22},"end":{"line":64,"column":50}},"loc":{"start":{"line":64,"column":105},"end":{"line":81,"column":1}}},"3":{"name":"saveFCMToken","decl":{"start":{"line":84,"column":22},"end":{"line":84,"column":34}},"loc":{"start":{"line":84,"column":48},"end":{"line":91,"column":1}}},"4":{"name":"getFCMToken","decl":{"start":{"line":94,"column":22},"end":{"line":94,"column":33}},"loc":{"start":{"line":94,"column":33},"end":{"line":101,"column":1}}},"5":{"name":"ensureDailyNotification","decl":{"start":{"line":107,"column":22},"end":{"line":107,"column":45}},"loc":{"start":{"line":107,"column":84},"end":{"line":140,"column":1}}},"6":{"name":"(anonymous_16)","decl":{"start":{"line":110,"column":35},"end":{"line":110,"column":36}},"loc":{"start":{"line":110,"column":40},"end":{"line":110,"column":82}}},"7":{"name":"(anonymous_17)","decl":{"start":{"line":115,"column":27},"end":{"line":115,"column":28}},"loc":{"start":{"line":115,"column":32},"end":{"line":115,"column":92}}},"8":{"name":"scheduleStreakNotification","decl":{"start":{"line":145,"column":22},"end":{"line":145,"column":48}},"loc":{"start":{"line":145,"column":68},"end":{"line":169,"column":1}}},"9":{"name":"setupNotificationListener","decl":{"start":{"line":172,"column":16},"end":{"line":172,"column":41}},"loc":{"start":{"line":172,"column":41},"end":{"line":186,"column":1}}},"10":{"name":"(anonymous_20)","decl":{"start":{"line":173,"column":69},"end":{"line":173,"column":81}},"loc":{"start":{"line":173,"column":84},"end":{"line":175,"column":3}}},"11":{"name":"(anonymous_21)","decl":{"start":{"line":177,"column":85},"end":{"line":177,"column":93}},"loc":{"start":{"line":177,"column":96},"end":{"line":180,"column":3}}},"12":{"name":"(anonymous_22)","decl":{"start":{"line":182,"column":9},"end":{"line":182,"column":12}},"loc":{"start":{"line":182,"column":14},"end":{"line":185,"column":3}}},"13":{"name":"initializeNotifications","decl":{"start":{"line":189,"column":22},"end":{"line":189,"column":45}},"loc":{"start":{"line":189,"column":84},"end":{"line":234,"column":1}}},"14":{"name":"(anonymous_24)","decl":{"start":{"line":232,"column":11},"end":{"line":232,"column":14}},"loc":{"start":{"line":232,"column":16},"end":{"line":232,"column":19}}},"15":{"name":"reRegisterPushToken","decl":{"start":{"line":237,"column":22},"end":{"line":237,"column":41}},"loc":{"start":{"line":237,"column":41},"end":{"line":267,"column":1}}}},"branchMap":{"0":{"loc":{"start":{"line":26,"column":2},"end":{"line":33,"column":3}},"type":"if","locations":[{"start":{"line":26,"column":2},"end":{"line":33,"column":3}},{"start":{},"end":{}}]},"1":{"loc":{"start":{"line":35,"column":2},"end":{"line":57,"column":3}},"type":"if","locations":[{"start":{"line":35,"column":2},"end":{"line":57,"column":3}},{"start":{"line":55,"column":9},"end":{"line":57,"column":3}}]},"2":{"loc":{"start":{"line":39,"column":4},"end":{"line":42,"column":5}},"type":"if","locations":[{"start":{"line":39,"column":4},"end":{"line":42,"column":5}},{"start":{},"end":{}}]},"3":{"loc":{"start":{"line":44,"column":4},"end":{"line":47,"column":5}},"type":"if","locations":[{"start":{"line":44,"column":4},"end":{"line":47,"column":5}},{"start":{},"end":{}}]},"4":{"loc":{"start":{"line":107,"column":46},"end":{"line":107,"column":63}},"type":"default-arg","locations":[{"start":{"line":107,"column":61},"end":{"line":107,"column":63}}]},"5":{"loc":{"start":{"line":107,"column":65},"end":{"line":107,"column":84}},"type":"default-arg","locations":[{"start":{"line":107,"column":82},"end":{"line":107,"column":84}}]},"6":{"loc":{"start":{"line":113,"column":4},"end":{"line":118,"column":5}},"type":"if","locations":[{"start":{"line":113,"column":4},"end":{"line":118,"column":5}},{"start":{},"end":{}}]},"7":{"loc":{"start":{"line":121,"column":4},"end":{"line":121,"column":35}},"type":"if","locations":[{"start":{"line":121,"column":4},"end":{"line":121,"column":35}},{"start":{},"end":{}}]},"8":{"loc":{"start":{"line":147,"column":4},"end":{"line":165,"column":5}},"type":"if","locations":[{"start":{"line":147,"column":4},"end":{"line":165,"column":5}},{"start":{"line":156,"column":11},"end":{"line":165,"column":5}}]},"9":{"loc":{"start":{"line":156,"column":11},"end":{"line":165,"column":5}},"type":"if","locations":[{"start":{"line":156,"column":11},"end":{"line":165,"column":5}},{"start":{},"end":{}}]},"10":{"loc":{"start":{"line":189,"column":46},"end":{"line":189,"column":63}},"type":"default-arg","locations":[{"start":{"line":189,"column":61},"end":{"line":189,"column":63}}]},"11":{"loc":{"start":{"line":189,"column":65},"end":{"line":189,"column":84}},"type":"default-arg","locations":[{"start":{"line":189,"column":82},"end":{"line":189,"column":84}}]},"12":{"loc":{"start":{"line":192,"column":4},"end":{"line":194,"column":5}},"type":"if","locations":[{"start":{"line":192,"column":4},"end":{"line":194,"column":5}},{"start":{},"end":{}}]},"13":{"loc":{"start":{"line":196,"column":4},"end":{"line":203,"column":5}},"type":"if","locations":[{"start":{"line":196,"column":4},"end":{"line":203,"column":5}},{"start":{},"end":{}}]},"14":{"loc":{"start":{"line":208,"column":4},"end":{"line":221,"column":5}},"type":"if","locations":[{"start":{"line":208,"column":4},"end":{"line":221,"column":5}},{"start":{},"end":{}}]},"15":{"loc":{"start":{"line":212,"column":8},"end":{"line":214,"column":9}},"type":"if","locations":[{"start":{"line":212,"column":8},"end":{"line":214,"column":9}},{"start":{},"end":{}}]},"16":{"loc":{"start":{"line":213,"column":57},"end":{"line":213,"column":98}},"type":"cond-expr","locations":[{"start":{"line":213,"column":81},"end":{"line":213,"column":86}},{"start":{"line":213,"column":89},"end":{"line":213,"column":98}}]},"17":{"loc":{"start":{"line":241,"column":4},"end":{"line":244,"column":5}},"type":"if","locations":[{"start":{"line":241,"column":4},"end":{"line":244,"column":5}},{"start":{},"end":{}}]},"18":{"loc":{"start":{"line":245,"column":4},"end":{"line":247,"column":5}},"type":"if","locations":[{"start":{"line":245,"column":4},"end":{"line":247,"column":5}},{"start":{},"end":{}}]},"19":{"loc":{"start":{"line":255,"column":4},"end":{"line":257,"column":5}},"type":"if","locations":[{"start":{"line":255,"column":4},"end":{"line":257,"column":5}},{"start":{},"end":{}}]},"20":{"loc":{"start":{"line":259,"column":51},"end":{"line":259,"column":92}},"type":"cond-expr","locations":[{"start":{"line":259,"column":75},"end":{"line":259,"column":80}},{"start":{"line":259,"column":83},"end":{"line":259,"column":92}}]},"21":{"loc":{"start":{"line":263,"column":20},"end":{"line":263,"column":43}},"type":"binary-expr","locations":[{"start":{"line":263,"column":20},"end":{"line":263,"column":30}},{"start":{"line":263,"column":34},"end":{"line":263,"column":43}}]}},"s":{"0":0,"1":0,"2":0,"3":0,"4":0,"5":0,"6":0,"7":0,"8":0,"9":0,"10":0,"11":0,"12":0,"13":0,"14":0,"15":0,"16":0,"17":0,"18":0,"19":0,"20":0,"21":0,"22":0,"23":0,"24":0,"25":0,"26":0,"27":0,"28":0,"29":0,"30":0,"31":0,"32":0,"33":0,"34":0,"35":0,"36":0,"37":0,"38":0,"39":0,"40":0,"41":0,"42":0,"43":0,"44":0,"45":0,"46":0,"47":0,"48":0,"49":0,"50":0,"51":0,"52":0,"53":0,"54":0,"55":0,"56":0,"57":0,"58":0,"59":0,"60":0,"61":0,"62":0,"63":0,"64":0,"65":0,"66":0,"67":0,"68":0,"69":0,"70":0,"71":0,"72":0,"73":0,"74":0,"75":0,"76":0,"77":0,"78":0,"79":0,"80":0,"81":0,"82":0,"83":0,"84":0,"85":0,"86":0,"87":0,"88":0,"89":0,"90":0,"91":0,"92":0,"93":0,"94":0,"95":0,"96":0,"97":0,"98":0,"99":0,"100":0,"101":0,"102":0,"103":0,"104":0,"105":0,"106":0,"107":0,"108":0,"109":0,"110":0,"111":0},"f":{"0":0,"1":0,"2":0,"3":0,"4":0,"5":0,"6":0,"7":0,"8":0,"9":0,"10":0,"11":0,"12":0,"13":0,"14":0,"15":0},"b":{"0":[0,0],"1":[0,0],"2":[0,0],"3":[0,0],"4":[0],"5":[0],"6":[0,0],"7":[0,0],"8":[0,0],"9":[0,0],"10":[0],"11":[0],"12":[0,0],"13":[0,0],"14":[0,0],"15":[0,0],"16":[0,0],"17":[0,0],"18":[0,0],"19":[0,0],"20":[0,0],"21":[0,0]}}
[...]
ype":"if","locations":[{"start":{"line":219,"column":2},"end":{"line":225,"column":3}},{"start":{"line":222,"column":9},"end":{"line":225,"column":3}}]},"37":{"loc":{"start":{"line":243,"column":4},"end":{"line":246,"column":5}},"type":"if","locations":[{"start":{"line":243,"column":4},"end":{"line":246,"column":5}},{"start":{},"end":{}}]},"38":{"loc":{"start":{"line":259,"column":4},"end":{"line":261,"column":5}},"type":"if","locations":[{"start":{"line":259,"column":4},"end":{"line":261,"column":5}},{"start":{},"end":{}}]},"39":{"loc":{"start":{"line":279,"column":2},"end":{"line":282,"column":3}},"type":"if","locations":[{"start":{"line":279,"column":2},"end":{"line":282,"column":3}},{"start":{},"end":{}}]},"40":{"loc":{"start":{"line":286,"column":29},"end":{"line":286,"column":104}},"type":"cond-expr","locations":[{"start":{"line":286,"column":57},"end":{"line":286,"column":79}},{"start":{"line":286,"column":82},"end":{"line":286,"column":104}}]},"41":{"loc":{"start":{"line":316,"column":49},"end":{"line":316,"column":72}},"type":"binary-expr","locations":[{"start":{"line":316,"column":49},"end":{"line":316,"column":67}},{"start":{"line":316,"column":71},"end":{"line":316,"column":72}}]},"42":{"loc":{"start":{"line":326,"column":6},"end":{"line":328,"column":7}},"type":"if","locations":[{"start":{"line":326,"column":6},"end":{"line":328,"column":7}},{"start":{},"end":{}}]},"43":{"loc":{"start":{"line":341,"column":6},"end":{"line":343,"column":7}},"type":"if","locations":[{"start":{"line":341,"column":6},"end":{"line":343,"column":7}},{"start":{},"end":{}}]},"44":{"loc":{"start":{"line":342,"column":26},"end":{"line":342,"column":58}},"type":"binary-expr","locations":[{"start":{"line":342,"column":26},"end":{"line":342,"column":53}},{"start":{"line":342,"column":57},"end":{"line":342,"column":58}}]},"45":{"loc":{"start":{"line":352,"column":32},"end":{"line":352,"column":68}},"type":"binary-expr","locations":[{"start":{"line":352,"column":32},"end":{"line":352,"column":63}},{"start":{"line":352,"column":67},"end":{"line":352,"column":68}}]},"46":{"loc":{"start":{"line":374,"column":2},"end":{"line":380,"column":3}},"type":"if","locations":[{"start":{"line":374,"column":2},"end":{"line":380,"column":3}},{"start":{"line":377,"column":9},"end":{"line":380,"column":3}}]},"47":{"loc":{"start":{"line":377,"column":9},"end":{"line":380,"column":3}},"type":"if","locations":[{"start":{"line":377,"column":9},"end":{"line":380,"column":3}},{"start":{},"end":{}}]},"48":{"loc":{"start":{"line":377,"column":13},"end":{"line":377,"column":80}},"type":"binary-expr","locations":[{"start":{"line":377,"column":13},"end":{"line":377,"column":42}},{"start":{"line":377,"column":46},"end":{"line":377,"column":80}}]},"49":{"loc":{"start":{"line":392,"column":21},"end":{"line":394,"column":46}},"type":"cond-expr","locations":[{"start":{"line":393,"column":21},"end":{"line":393,"column":85}},{"start":{"line":394,"column":20},"end":{"line":394,"column":46}}]},"50":{"loc":{"start":{"line":420,"column":4},"end":{"line":425,"column":5}},"type":"if","locations":[{"start":{"line":420,"column":4},"end":{"line":425,"column":5}},{"start":{},"end":{}}]},"51":{"loc":{"start":{"line":420,"column":8},"end":{"line":420,"column":31}},"type":"binary-expr","locations":[{"start":{"line":420,"column":8},"end":{"line":420,"column":16}},{"start":{"line":420,"column":20},"end":{"line":420,"column":31}}]},"52":{"loc":{"start":{"line":423,"column":37},"end":{"line":423,"column":67}},"type":"binary-expr","locations":[{"start":{"line":423,"column":37},"end":{"line":423,"column":62}},{"start":{"line":423,"column":66},"end":{"line":423,"column":67}}]},"53":{"loc":{"start":{"line":431,"column":4},"end":{"line":431,"column":56}},"type":"if","locations":[{"start":{"line":431,"column":4},"end":{"line":431,"column":56}},{"start":{},"end":{}}]},"54":{"loc":{"start":{"line":432,"column":50},"end":{"line":432,"column":83}},"type":"cond-expr","locations":[{"start":{"line":432,"column":78},"end":{"line":432,"column":79}},{"start":{"line":432,"column":82},"end":{"line":432,"column":83}}]},"55":{"loc":{"start":{"line":466,"column":2},"end":{"line":473,"column":3}},"type":"if","locations":[{"start":{"line":466,"column":2},"end":{"line":473,"column":3}},{"start":{},"end":{}}]},"56":{"loc":{"start":{"line":466,"column":6},"end":{"line":466,"column":18}},"type":"binary-expr","locations":[{"start":{"line":466,"column":6},"end":{"line":466,"column":10}},{"start":{"line":466,"column":14},"end":{"line":466,"column":18}}]},"57":{"loc":{"start":{"line":482,"column":2},"end":{"line":520,"column":3}},"type":"if","locations":[{"start":{"line":482,"column":2},"end":{"line":520,"column":3}},{"start":{"line":496,"column":9},"end":{"line":520,"column":3}}]},"58":{"loc":{"start":{"line":500,"column":4},"end":{"line":512,"column":5}},"type":"if","locations":[{"start":{"line":500,"column":4},"end":{"line":512,"column":5}},{"start":{},"end":{}}]},"59":{"loc":{"start":{"line":502,"column":6},"end":{"line":511,"column":7}},"type":"if","locations":[{"start":{"line":502,"column":6},"end":{"line":511,"column":7}},{"start":{},"end":{}}]},"60":{"loc":{"start":{"line":534,"column":4},"end":{"line":535,"column":39}},"type":"if","locations":[{"start":{"line":534,"column":4},"end":{"line":535,"column":39}},{"start":{"line":535,"column":9},"end":{"line":535,"column":39}}]},"61":{"loc":{"start":{"line":535,"column":9},"end":{"line":535,"column":39}},"type":"if","locations":[{"start":{"line":535,"column":9},"end":{"line":535,"column":39}},{"start":{},"end":{}}]},"62":{"loc":{"start":{"line":538,"column":13},"end":{"line":538,"column":56}},"type":"cond-expr","locations":[{"start":{"line":538,"column":21},"end":{"line":538,"column":51}},{"start":{"line":538,"column":54},"end":{"line":538,"column":56}}]},"63":{"loc":{"start":{"line":559,"column":4},"end":{"line":559,"column":39}},"type":"if","locations":[{"start":{"line":559,"column":4},"end":{"line":559,"column":39}},{"start":{},"end":{}}]},"64":{"loc":{"start":{"line":560,"column":26},"end":{"line":560,"column":50}},"type":"cond-expr","locations":[{"start":{"line":560,"column":45},"end":{"line":560,"column":46}},{"start":{"line":560,"column":49},"end":{"line":560,"column":50}}]},"65":{"loc":{"start":{"line":564,"column":15},"end":{"line":564,"column":36}},"type":"cond-expr","locations":[{"start":{"line":564,"column":30},"end":{"line":564,"column":31}},{"start":{"line":564,"column":34},"end":{"line":564,"column":36}}]},"66":{"loc":{"start":{"line":567,"column":21},"end":{"line":567,"column":70}},"type":"cond-expr","locations":[{"start":{"line":567,"column":41},"end":{"line":567,"column":42}},{"start":{"line":567,"column":45},"end":{"line":567,"column":70}}]},"67":{"loc":{"start":{"line":567,"column":45},"end":{"line":567,"column":70}},"type":"cond-expr","locations":[{"start":{"line":567,"column":65},"end":{"line":567,"column":66}},{"start":{"line":567,"column":69},"end":{"line":567,"column":70}}]},"68":{"loc":{"start":{"line":575,"column":23},"end":{"line":575,"column":49}},"type":"cond-expr","locations":[{"start":{"line":575,"column":38},"end":{"line":575,"column":42}},{"start":{"line":575,"column":45},"end":{"line":575,"column":49}}]},"69":{"loc":{"start":{"line":576,"column":25},"end":{"line":576,"column":69}},"type":"cond-expr","locations":[{"start":{"line":576,"column":42},"end":{"line":576,"column":64}},{"start":{"line":576,"column":67},"end":{"line":576,"column":69}}]},"70":{"loc":{"start":{"line":597,"column":6},"end":{"line":598,"column":41}},"type":"if","locations":[{"start":{"line":597,"column":6},"end":{"line":598,"column":41}},{"start":{"line":598,"column":11},"end":{"line":598,"column":41}}]},"71":{"loc":{"start":{"line":598,"column":11},"end":{"line":598,"column":41}},"type":"if","locations":[{"start":{"line":598,"column":11},"end":{"line":598,"column":41}},{"start":{},"end":{}}]},"72":{"loc":{"start":{"line":601,"column":15},"end":{"line":601,"column":58}},"type":"cond-expr","locations":[{"start":{"line":601,"column":23},"end":{"line":601,"column":53}},{"start":{"line":601,"column":56},"end":{"line":601,"column":58}}]}},"s":{"0":0,"1":0,"2":0,"3":0,"4":0,"5":0,"6":0,"7":0,"8":0,"9":0,"10":0,"11":0,"12":0,"13":0,"14":0,"15":0,"16":0,"17":0,"18":0,"19":0,"20":0,"21":0,"22":0,"23":0,"24":0,"25":0,"26":0,"27":0,"28":0,"29":0,"30":0,"31":0,"32":0,"33":0,"34":0,"35":0,"36":0,"37":0,"38":0,"39":0,"40":0,"41":0,"42":0,"43":0,"44":0,"45":0,"46":0,"47":0,"48":0,"49":0,"50":0,"51":0,"52":0,"53":0,"54":0,"55":0,"56":0,"57":0,"58":0,"59":0,"60":0,"61":0,"62":0,"63":0,"64":0,"65":0,"66":0,"67":0,"68":0,"69":0,"70":0,"71":0,"72":0,"73":0,"74":0,"75":0,"76":0,"77":0,"78":0,"79":0,"80":0,"81":0,"82":0,"83":0,"84":0,"85":0,"86":0,"87":0,"88":0,"89":0,"90":0,"91":0,"92":0,"93":0,"94":0,"95":0,"96":0,"97":0,"98":0,"99":0,"100":0,"101":0,"102":0,"103":0,"104":0,"105":0,"106":0,"107":0,"108":0,"109":0,"110":0,"111":0,"112":0,"113":0,"114":0,"115":0,"116":0,"117":0,"118":0,"119":0,"120":0,"121":0,"122":0,"123":0,"124":0,"125":0,"126":0,"127":0,"128":0,"129":0,"130":0,"131":0,"132":0,"133":0,"134":0,"135":0,"136":0,"137":0,"138":0,"139":0,"140":0,"141":0,"142":0,"143":0,"144":0,"145":0,"146":0,"147":0,"148":0,"149":0,"150":0,"151":0,"152":0,"153":0,"154":0,"155":0,"156":0,"157":0,"158":0,"159":0,"160":0,"161":0,"162":0,"163":0,"164":0,"165":0,"166":0,"167":0,"168":0,"169":0,"170":0,"171":0,"172":0,"173":0,"174":0,"175":0,"176":0,"177":0,"178":0,"179":0,"180":0,"181":0,"182":0,"183":0,"184":0,"185":0,"186":0,"187":0,"188":0,"189":0,"190":0,"191":0,"192":0,"193":0,"194":0,"195":0,"196":0,"197":0,"198":0,"199":0,"200":0,"201":0,"202":0,"203":0,"204":0,"205":0,"206":0,"207":0,"208":0,"209":0,"210":0,"211":0,"212":0,"213":0,"214":0,"215":0,"216":0,"217":0,"218":0,"219":0,"220":0,"221":0,"222":0,"223":0,"224":0,"225":0,"226":0,"227":0,"228":0,"229":0,"230":0,"231":0,"232":0,"233":0,"234":0,"235":0,"236":0,"237":0,"238":0,"239":0,"240":0,"241":0,"242":0,"243":0,"244":0,"245":0,"246":0,"247":0,"248":0,"249":0,"250":0,"251":0,"252":0,"253":0,"254":0,"255":0,"256":0,"257":0,"258":0,"259":0,"260":0,"261":0,"262":0,"263":0,"264":0,"265":0,"266":0,"267":0,"268":0,"269":0,"270":0,"271":0,"272":0,"273":0,"274":0,"275":0,"276":0,"277":0,"278":0,"279":0,"280":0,"281":0,"282":0,"283":0,"284":0,"285":0,"286":0,"287":0,"288":0,"289":0,"290":0,"291":0},"f":{"0":0,"1":0,"2":0,"3":0,"4":0,"5":0,"6":0,"7":0,"8":0,"9":0,"10":0,"11":0,"12":0,"13":0,"14":0,"15":0,"16":0,"17":0,"18":0,"19":0,"20":0,"21":0,"22":0,"23":0,"24":0,"25":0,"26":0,"27":0,"28":0,"29":0},"b":{"0":[0,0],"1":[0,0],"2":[0,0],"3":[0,0],"4":[0,0],"5":[0,0],"6":[0,0],"7":[0,0],"8":[0,0],"9":[0,0],"10":[0,0],"11":[0,0],"12":[0,0],"13":[0,0],"14":[0,0],"15":[0,0],"16":[0,0],"17":[0,0],"18":[0,0,0],"19":[0,0],"20":[0,0],"21":[0,0],"22":[0,0],"23":[0,0],"24":[0,0],"25":[0,0],"26":[0,0],"27":[0,0],"28":[0,0],"29":[0,0],"30":[0,0],"31":[0,0],"32":[0,0],"33":[0,0],"34":[0,0],"35":[0,0],"36":[0,0],"37":[0,0],"38":[0,0],"39":[0,0],"40":[0,0],"41":[0,0],"42":[0,0],"43":[0,0],"44":[0,0],"45":[0,0],"46":[0,0],"47":[0,0],"48":[0,0],"49":[0,0],"50":[0,0],"51":[0,0],"52":[0,0],"53":[0,0],"54":[0,0],"55":[0,0],"56":[0,0],"57":[0,0],"58":[0,0],"59":[0,0],"60":[0,0],"61":[0,0],"62":[0,0],"63":[0,0],"64":[0,0],"65":[0,0],"66":[0,0],"67":[0,0],"68":[0,0],"69":[0,0],"70":[0,0],"71":[0,0],"72":[0,0]}}
,"C:\\kwccproject\\pickplay\\pickplay\\app\\styles\\colors.ts": {"path":"C:\\kwccproject\\pickplay\\pickplay\\app\\styles\\colors.ts","statementMap":{"0":{"start":{"line":2,"column":0},"end":{"line":29,"column":2}}},"fnMap":{},"branchMap":{},"s":{"0":0},"f":{},"b":{}}
,"C:\\kwccproject\\pickplay\\pickplay\\app\\utils\\abtest.ts": {"path":"C:\\kwccproject\\pickplay\\pickplay\\app\\utils\\abtest.ts","statementMap":{"0":{"start":{"line":2,"column":0},"end":{"line":2,"column":16}},"1":{"start":{"line":3,"column":12},"end":{"line":3,"column":13}},"2":{"start":{"line":4,"column":2},"end":{"line":4,"column":64}},"3":{"start":{"line":4,"column":15},"end":{"line":4,"column":16}},"4":{"start":{"line":4,"column":39},"end":{"line":4,"column":64}},"5":{"start":{"line":5,"column":2},"end":{"line":5,"column":35}}},"fnMap":{"0":{"name":"pickSlot","decl":{"start":{"line":2,"column":16},"end":{"line":2,"column":24}},"loc":{"start":{"line":2,"column":33},"end":{"line":6,"column":1}}}},"branchMap":{"0":{"loc":{"start":{"line":2,"column":25},"end":{"line":2,"column":33}},"type":"default-arg","locations":[{"start":{"line":2,"column":31},"end":{"line":2,"column":33}}]},"1":{"loc":{"start":{"line":5,"column":9},"end":{"line":5,"column":34}},"type":"cond-expr","locations":[{"start":{"line":5,"column":25},"end":{"line":5,"column":28}},{"start":{"line":5,"column":31},"end":{"line":5,"column":34}}]}},"s":{"0":0,"1":0,"2":0,"3":0,"4":0,"5":0},"f":{"0":0},"b":{"0":[0],"1":[0,0]}}
,"C:\\kwccproject\\pickplay\\pickplay\\app\\utils\\date.ts": {"path":"C:\\kwccproject\\pickplay\\pickplay\\app\\utils\\date.ts","statementMap":{"0":{"start":{"line":2,"column":24},"end":{"line":7,"column":1}},"1":{"start":{"line":4,"column":14},"end":{"line":4,"column":24}},"2":{"start":{"line":5,"column":20},"end":{"line":5,"column":66}},"3":{"start":{"line":6,"column":2},"end":{"line":6,"column":31}},"4":{"start":{"line":2,"column":13},"end":{"line":2,"column":24}},"5":{"start":{"line":10,"column":30},"end":{"line":17,"column":1}},"6":{"start":{"line":11,"column":14},"end":{"line":11,"column":24}},"7":{"start":{"line":12,"column":20},"end":{"line":12,"column":66}},"8":{"start":{"line":13,"column":15},"end":{"line":13,"column":41}},"9":{"start":{"line":14,"column":16},"end":{"line":14,"column":68}},"10":{"start":{"line":15,"column":14},"end":{"line":15,"column":61}},"11":{"start":{"line":16,"column":2},"end":{"line":16,"column":43}},"12":{"start":{"line":10,"column":13},"end":{"line":10,"column":30}}},"fnMap":{"0":{"name":"(anonymous_0)","decl":{"start":{"line":2,"column":24},"end":{"line":2,"column":27}},"loc":{"start":{"line":2,"column":29},"end":{"line":7,"column":1}}},"1":{"name":"(anonymous_1)","decl":{"start":{"line":10,"column":30},"end":{"line":10,"column":33}},"loc":{"start":{"line":10,"column":35},"end":{"line":17,"column":1}}}},"branchMap":{},"s":{"0":1,"1":2,"2":2,"3":2,"4":1,"5":1,"6":3,"7":3,"8":3,"9":3,"10":3,"11":3,"12":1},"f":{"0":2,"1":3},"b":{}}
,"C:\\kwccproject\\pickplay\\pickplay\\app\\utils\\nickname.ts": {"path":"C:\\kwccproject\\pickplay\\pickplay\\app\\utils\\nickname.ts","statementMap":{"0":{"start":{"line":20,"column":0},"end":{"line":20,"column":16}},"1":{"start":{"line":28,"column":0},"end":{"line":28,"column":16}},"2":{"start":{"line":3,"column":19},"end":{"line":8,"column":2}},"3":{"start":{"line":10,"column":14},"end":{"line":16,"column":2}},"4":{"start":{"line":18,"column":15},"end":{"line":18,"column":21}},"5":{"start":{"line":21,"column":20},"end":{"line":21,"column":77}},"6":{"start":{"line":22,"column":15},"end":{"line":22,"column":62}},"7":{"start":{"line":23,"column":16},"end":{"line":23,"column":65}},"8":{"start":{"line":25,"column":2},"end":{"line":25,"column":39}},"9":{"start":{"line":29,"column":30},"end":{"line":29,"column":32}},"10":{"start":{"line":30,"column":27},"end":{"line":30,"column":44}},"11":{"start":{"line":32,"column":2},"end":{"line":40,"column":3}},"12":{"start":{"line":33,"column":21},"end":{"line":33,"column":45}},"13":{"start":{"line":34,"column":16},"end":{"line":34,"column":51}},"14":{"start":{"line":36,"column":4},"end":{"line":39,"column":5}},"15":{"start":{"line":37,"column":6},"end":{"line":37,"column":32}},"16":{"start":{"line":38,"column":6},"end":{"line":38,"column":31}},"17":{"start":{"line":42,"column":2},"end":{"line":42,"column":19}}},"fnMap":{"0":{"name":"generateRandomNickname","decl":{"start":{"line":20,"column":16},"end":{"line":20,"column":38}},"loc":{"start":{"line":20,"column":38},"end":{"line":26,"column":1}}},"1":{"name":"generateNicknameList","decl":{"start":{"line":28,"column":16},"end":{"line":28,"column":36}},"loc":{"start":{"line":28,"column":55},"end":{"line":43,"column":1}}}},"branchMap":{"0":{"loc":{"start":{"line":28,"column":37},"end":{"line":28,"column":55}},"type":"default-arg","locations":[{"start":{"line":28,"column":53},"end":{"line":28,"column":55}}]},"1":{"loc":{"start":{"line":36,"column":4},"end":{"line":39,"column":5}},"type":"if","locations":[{"start":{"line":36,"column":4},"end":{"line":39,"column":5}},{"start":{},"end":{}}]}},"s":{"0":0,"1":0,"2":0,"3":0,"4":0,"5":0,"6":0,"7":0,"8":0,"9":0,"10":0,"11":0,"12":0,"13":0,"14":0,"15":0,"16":0,"17":0},"f":{"0":0,"1":0},"b":{"0":[0],"1":[0,0]}}
,"C:\\kwccproject\\pickplay\\pickplay\\app\\utils\\rewards.ts": {"path":"C:\\kwccproject\\pickplay\\pickplay\\app\\utils\\rewards.ts","statementMap":{"0":{"start":{"line":6,"column":0},"end":{"line":6,"column":16}},"1":{"start":{"line":16,"column":0},"end":{"line":16,"column":16}},"2":{"start":{"line":26,"column":0},"end":{"line":26,"column":16}},"3":{"start":{"line":39,"column":0},"end":{"line":39,"column":16}},"4":{"start":{"line":7,"column":2},"end":{"line":7,"column":24}},"5":{"start":{"line":7,"column":15},"end":{"line":7,"column":24}},"6":{"start":{"line":8,"column":2},"end":{"line":8,"column":49}},"7":{"start":{"line":17,"column":2},"end":{"line":17,"column":29}},"8":{"start":{"line":27,"column":21},"end":{"line":27,"column":46}},"9":{"start":{"line":28,"column":21},"end":{"line":28,"column":53}},"10":{"start":{"line":29,"column":2},"end":{"line":29,"column":33}},"11":{"start":{"line":40,"column":2},"end":{"line":40,"column":37}},"12":{"start":{"line":40,"column":25},"end":{"line":40,"column":37}},"13":{"start":{"line":41,"column":24},"end":{"line":41,"column":48}},"14":{"start":{"line":42,"column":2},"end":{"line":42,"column":36}}},"fnMap":{"0":{"name":"getStreakMultiplier","decl":{"start":{"line":6,"column":16},"end":{"line":6,"column":35}},"loc":{"start":{"line":6,"column":51},"end":{"line":9,"column":1}}},"1":{"name":"getBasePoints","decl":{"start":{"line":16,"column":16},"end":{"line":16,"column":29}},"loc":{"start":{"line":16,"column":49},"end":{"line":18,"column":1}}},"2":{"name":"calculateTotalPoints","decl":{"start":{"line":26,"column":16},"end":{"line":26,"column":36}},"loc":{"start":{"line":26,"column":77},"end":{"line":30,"column":1}}},"3":{"name":"isMajorityChoice","decl":{"start":{"line":39,"column":16},"end":{"line":39,"column":32}},"loc":{"start":{"line":39,"column":81},"end":{"line":43,"column":1}}}},"branchMap":{"0":{"loc":{"start":{"line":7,"column":2},"end":{"line":7,"column":24}},"type":"if","locations":[{"start":{"line":7,"column":2},"end":{"line":7,"column":24}},{"start":{},"end":{}}]},"1":{"loc":{"start":{"line":8,"column":9},"end":{"line":8,"column":48}},"type":"cond-expr","locations":[{"start":{"line":8,"column":24},"end":{"line":8,"column":25}},{"start":{"line":8,"column":28},"end":{"line":8,"column":48}}]},"2":{"loc":{"start":{"line":8,"column":28},"end":{"line":8,"column":48}},"type":"cond-expr","locations":[{"start":{"line":8,"column":43},"end":{"line":8,"column":44}},{"start":{"line":8,"column":47},"end":{"line":8,"column":48}}]},"3":{"loc":{"start":{"line":17,"column":9},"end":{"line":17,"column":28}},"type":"cond-expr","locations":[{"start":{"line":17,"column":22},"end":{"line":17,"column":23}},{"start":{"line":17,"column":26},"end":{"line":17,"column":28}}]},"4":{"loc":{"start":{"line":40,"column":2},"end":{"line":40,"column":37}},"type":"if","locations":[{"start":{"line":40,"column":2},"end":{"line":40,"column":37}},{"start":{},"end":{}}]},"5":{"loc":{"start":{"line":41,"column":24},"end":{"line":41,"column":48}},"type":"cond-expr","locations":[{"start":{"line":41,"column":43},"end":{"line":41,"column":44}},{"start":{"line":41,"column":47},"end":{"line":41,"column":48}}]}},"s":{"0":1,"1":1,"2":1,"3":1,"4":21,"5":2,"6":19,"7":8,"8":6,"9":6,"10":6,"11":9,"12":2,"13":7,"14":7},"f":{"0":21,"1":8,"2":6,"3":9},"b":{"0":[2,19],"1":[6,13],"2":[7,6],"3":[4,4],"4":[2,7],"5":[3,4]}}
}
