TN:
SF:app\splash.tsx
FN:7,SplashScreen
FN:14,(anonymous_11)
FN:30,(anonymous_12)
FN:40,(anonymous_13)
FN:46,(anonymous_14)
FN:51,(anonymous_15)
FNF:6
FNH:0
FNDA:0,SplashScreen
FNDA:0,(anonymous_11)
FNDA:0,(anonymous_12)
FNDA:0,(anonymous_13)
FNDA:0,(anonymous_14)
FNDA:0,(anonymous_15)
DA:1,0
DA:2,0
DA:3,0
DA:5,0
DA:7,0
DA:8,0
DA:9,0
DA:10,0
DA:12,0
DA:14,0
DA:16,0
DA:30,0
DA:31,0
DA:39,0
DA:40,0
DA:41,0
DA:42,0
DA:46,0
DA:47,0
DA:48,0
DA:51,0
DA:52,0
DA:53,0
DA:57,0
DA:90,0
LF:25
LH:0
BRF:0
BRH:0
end_of_record
TN:
SF:app\components\BannerAdComponent.tsx
FN:10,BannerAdComponent
FN:18,(anonymous_11)
FN:22,(anonymous_12)
FN:23,(anonymous_13)
FN:28,(anonymous_14)
FN:31,(anonymous_15)
FN:37,(anonymous_16)
FN:41,(anonymous_17)
FN:43,(anonymous_18)
FN:77,(anonymous_19)
FN:84,(anonymous_20)
FNF:11
FNH:0
FNDA:0,BannerAdComponent
FNDA:0,(anonymous_11)
FNDA:0,(anonymous_12)
FNDA:0,(anonymous_13)
FNDA:0,(anonymous_14)
FNDA:0,(anonymous_15)
FNDA:0,(anonymous_16)
FNDA:0,(anonymous_17)
FNDA:0,(anonymous_18)
FNDA:0,(anonymous_19)
FNDA:0,(anonymous_20)
DA:1,0
DA:2,0
DA:3,0
DA:4,0
DA:10,0
DA:11,0
DA:12,0
DA:13,0
DA:15,0
DA:16,0
DA:18,0
DA:19,0
DA:22,0
DA:23,0
DA:24,0
DA:26,0
DA:27,0
DA:28,0
DA:31,0
DA:32,0
DA:37,0
DA:38,0
DA:39,0
DA:40,0
DA:41,0
DA:42,0
DA:43,0
DA:48,0
DA:49,0
DA:58,0
DA:59,0
DA:61,0
DA:78,0
DA:79,0
DA:80,0
DA:81,0
DA:82,0
DA:85,0
DA:86,0
DA:87,0
DA:88,0
DA:101,0
DA:102,0
DA:110,0
LF:44
LH:0
BRDA:19,0,0,0
BRDA:19,0,1,0
BRDA:24,1,0,0
BRDA:24,1,1,0
BRDA:38,2,0,0
BRDA:38,2,1,0
BRDA:48,3,0,0
BRDA:48,3,1,0
BRDA:64,4,0,0
BRDA:64,4,1,0
BRDA:64,4,2,0
BRDA:79,5,0,0
BRDA:79,5,1,0
BRDA:85,6,0,0
BRDA:85,6,1,0
BRDA:93,7,0,0
BRDA:93,7,1,0
BRF:17
BRH:0
end_of_record
TN:
SF:app\components\CharacterCard.tsx
FN:14,(anonymous_1)
FN:20,(anonymous_2)
FNF:2
FNH:0
FNDA:0,(anonymous_1)
FNDA:0,(anonymous_2)
DA:1,0
DA:2,0
DA:3,0
DA:12,0
DA:14,0
DA:15,0
DA:16,0
DA:19,0
DA:20,0
DA:22,0
DA:50,0
DA:91,0
LF:12
LH:0
BRDA:15,0,0,0
BRDA:15,0,1,0
BRDA:26,1,0,0
BRDA:26,1,1,0
BRDA:30,2,0,0
BRDA:30,2,1,0
BRDA:30,3,0,0
BRDA:30,3,1,0
BRF:8
BRH:0
end_of_record
TN:
SF:app\components\ErrorScreen.tsx
FN:10,ErrorScreen
FNF:1
FNH:0
FNDA:0,ErrorScreen
DA:1,0
DA:2,0
DA:3,0
DA:10,0
DA:14,0
LF:5
LH:0
BRDA:11,0,0,0
BRDA:12,1,0,0
BRF:2
BRH:0
end_of_record
TN:
SF:app\components\LoadingScreen.tsx
FN:9,LoadingScreen
FNF:1
FNH:0
FNDA:0,LoadingScreen
DA:1,0
DA:2,0
DA:3,0
DA:9,0
DA:10,0
LF:5
LH:0
BRDA:9,0,0,0
BRF:1
BRH:0
end_of_record
TN:
SF:app\components\NotificationBootstrap.tsx
FN:4,NotificationBootstrap
FN:5,(anonymous_1)
FN:8,(anonymous_2)
FN:16,(anonymous_3)
FNF:4
FNH:0
FNDA:0,NotificationBootstrap
FNDA:0,(anonymous_1)
FNDA:0,(anonymous_2)
FNDA:0,(anonymous_3)
DA:1,0
DA:2,0
DA:4,0
DA:5,0
DA:6,0
DA:8,0
DA:9,0
DA:10,0
DA:11,0
DA:12,0
DA:13,0
DA:16,0
DA:17,0
DA:18,0
DA:21,0
LF:15
LH:0
BRDA:10,0,0,0
BRDA:10,0,1,0
BRDA:12,1,0,0
BRDA:12,1,1,0
BRDA:18,2,0,0
BRDA:18,2,1,0
BRF:6
BRH:0
end_of_record
TN:
SF:app\components\TutorialScreen.tsx
FN:12,TutorialScreen
FN:55,(anonymous_11)
FN:70,(anonymous_12)
FN:76,(anonymous_13)
FN:170,(anonymous_14)
FNF:5
FNH:0
FNDA:0,TutorialScreen
FNDA:0,(anonymous_11)
FNDA:0,(anonymous_12)
FNDA:0,(anonymous_13)
FNDA:0,(anonymous_14)
DA:1,0
DA:2,0
DA:3,0
DA:4,0
DA:6,0
DA:12,0
DA:13,0
DA:15,0
DA:55,0
DA:56,0
DA:61,0
DA:71,0
DA:72,0
DA:77,0
DA:171,0
LF:15
LH:0
BRDA:95,0,0,0
BRDA:95,0,1,0
BRDA:174,1,0,0
BRDA:174,1,1,0
BRDA:177,2,0,0
BRDA:177,2,1,0
BRDA:184,3,0,0
BRDA:184,3,1,0
BRF:8
BRH:0
end_of_record
TN:
SF:app\components\UserHeader.tsx
FN:20,UserHeader
FN:34,(anonymous_11)
FN:100,(anonymous_12)
FN:248,(anonymous_13)
FNF:4
FNH:0
FNDA:0,UserHeader
FNDA:0,(anonymous_11)
FNDA:0,(anonymous_12)
FNDA:0,(anonymous_13)
DA:1,0
DA:2,0
DA:3,0
DA:4,0
DA:5,0
DA:20,0
DA:21,0
DA:23,0
DA:25,0
DA:34,0
DA:100,0
DA:248,0
LF:12
LH:0
BRDA:23,0,0,0
BRDA:23,0,1,0
BRDA:220,1,0,0
BRDA:220,1,1,0
BRDA:221,2,0,0
BRDA:221,2,1,0
BRDA:222,3,0,0
BRDA:222,3,1,0
BRDA:223,4,0,0
BRDA:223,4,1,0
BRF:10
BRH:0
end_of_record
TN:
SF:app\services\ads.native.ts
FN:4,createWebDummyAd
FN:6,(anonymous_1)
FN:7,(anonymous_2)
FN:8,(anonymous_3)
FN:8,(anonymous_4)
FN:9,(anonymous_5)
FN:14,createNativeDummyAd
FN:16,(anonymous_7)
FN:17,(anonymous_8)
FN:18,(anonymous_9)
FN:18,(anonymous_10)
FN:19,(anonymous_11)
FN:24,createWebDummyListener
FN:25,(anonymous_13)
FN:29,createNativeDummyListener
FN:30,(anonymous_15)
FN:67,initAds
FN:88,createRewardedInterstitial
FN:114,attachRewardedInterstitial
FN:134,(anonymous_19)
FN:140,(anonymous_20)
FN:159,(anonymous_21)
FNF:22
FNH:0
FNDA:0,createWebDummyAd
FNDA:0,(anonymous_1)
FNDA:0,(anonymous_2)
FNDA:0,(anonymous_3)
FNDA:0,(anonymous_4)
FNDA:0,(anonymous_5)
FNDA:0,createNativeDummyAd
FNDA:0,(anonymous_7)
FNDA:0,(anonymous_8)
FNDA:0,(anonymous_9)
FNDA:0,(anonymous_10)
FNDA:0,(anonymous_11)
FNDA:0,createWebDummyListener
FNDA:0,(anonymous_13)
FNDA:0,createNativeDummyListener
FNDA:0,(anonymous_15)
FNDA:0,initAds
FNDA:0,createRewardedInterstitial
FNDA:0,attachRewardedInterstitial
FNDA:0,(anonymous_19)
FNDA:0,(anonymous_20)
FNDA:0,(anonymous_21)
DA:1,0
DA:5,0
DA:6,0
DA:7,0
DA:8,0
DA:9,0
DA:15,0
DA:16,0
DA:17,0
DA:18,0
DA:19,0
DA:25,0
DA:30,0
DA:39,0
DA:41,0
DA:42,0
DA:43,0
DA:44,0
DA:45,0
DA:46,0
DA:47,0
DA:48,0
DA:49,0
DA:50,0
DA:52,0
DA:53,0
DA:54,0
DA:59,0
DA:67,0
DA:68,0
DA:69,0
DA:70,0
DA:73,0
DA:74,0
DA:75,0
DA:78,0
DA:79,0
DA:80,0
DA:81,0
DA:83,0
DA:84,0
DA:88,0
DA:89,0
DA:90,0
DA:91,0
DA:94,0
DA:95,0
DA:96,0
DA:99,0
DA:100,0
DA:101,0
DA:103,0
DA:104,0
DA:105,0
DA:106,0
DA:108,0
DA:109,0
DA:110,0
DA:114,0
DA:123,0
DA:124,0
DA:125,0
DA:128,0
DA:129,0
DA:132,0
DA:133,0
DA:134,0
DA:135,0
DA:136,0
DA:140,0
DA:141,0
DA:142,0
DA:145,0
DA:148,0
DA:150,0
DA:151,0
DA:152,0
DA:153,0
DA:156,0
DA:157,0
DA:159,0
DA:160,0
DA:161,0
DA:162,0
DA:163,0
DA:166,0
DA:167,0
DA:168,0
LF:88
LH:0
BRDA:41,0,0,0
BRDA:41,0,1,0
BRDA:68,1,0,0
BRDA:68,1,1,0
BRDA:73,2,0,0
BRDA:73,2,1,0
BRDA:73,3,0,0
BRDA:73,3,1,0
BRDA:89,4,0,0
BRDA:89,4,1,0
BRDA:94,5,0,0
BRDA:94,5,1,0
BRDA:94,6,0,0
BRDA:94,6,1,0
BRDA:123,7,0,0
BRDA:123,7,1,0
BRDA:128,8,0,0
BRDA:128,8,1,0
BRDA:128,9,0,0
BRDA:128,9,1,0
BRDA:128,9,2,0
BRDA:132,10,0,0
BRDA:132,10,1,0
BRF:23
BRH:0
end_of_record
TN:
SF:app\services\ads.ts
FN:4,(anonymous_0)
FN:23,createExpoGoDummyAd
FN:31,(anonymous_2)
FN:33,(anonymous_3)
FN:41,(anonymous_4)
FN:52,(anonymous_5)
FN:61,(anonymous_6)
FN:69,(anonymous_7)
FN:87,(anonymous_8)
FN:89,(anonymous_9)
FN:94,createExpoGoDummyListener
FN:95,(anonymous_11)
FN:98,initAds
FN:106,createRewardedInterstitial
FN:138,attachRewardedInterstitial
FN:152,(anonymous_15)
FN:157,(anonymous_16)
FN:162,(anonymous_17)
FN:170,(anonymous_18)
FN:190,(anonymous_19)
FNF:20
FNH:0
FNDA:0,(anonymous_0)
FNDA:0,createExpoGoDummyAd
FNDA:0,(anonymous_2)
FNDA:0,(anonymous_3)
FNDA:0,(anonymous_4)
FNDA:0,(anonymous_5)
FNDA:0,(anonymous_6)
FNDA:0,(anonymous_7)
FNDA:0,(anonymous_8)
FNDA:0,(anonymous_9)
FNDA:0,createExpoGoDummyListener
FNDA:0,(anonymous_11)
FNDA:0,initAds
FNDA:0,createRewardedInterstitial
FNDA:0,attachRewardedInterstitial
FNDA:0,(anonymous_15)
FNDA:0,(anonymous_16)
FNDA:0,(anonymous_17)
FNDA:0,(anonymous_18)
FNDA:0,(anonymous_19)
DA:1,0
DA:4,0
DA:5,0
DA:6,0
DA:9,0
DA:14,0
DA:24,0
DA:25,0
DA:26,0
DA:27,0
DA:28,0
DA:30,0
DA:32,0
DA:33,0
DA:34,0
DA:35,0
DA:36,0
DA:37,0
DA:42,0
DA:43,0
DA:44,0
DA:45,0
DA:48,0
DA:49,0
DA:52,0
DA:53,0
DA:54,0
DA:56,0
DA:57,0
DA:61,0
DA:62,0
DA:63,0
DA:64,0
DA:70,0
DA:73,0
DA:74,0
DA:78,0
DA:79,0
DA:83,0
DA:84,0
DA:87,0
DA:89,0
DA:95,0
DA:98,0
DA:99,0
DA:100,0
DA:101,0
DA:103,0
DA:106,0
DA:108,0
DA:109,0
DA:110,0
DA:114,0
DA:115,0
DA:118,0
DA:119,0
DA:121,0
DA:122,0
DA:123,0
DA:125,0
DA:130,0
DA:132,0
DA:133,0
DA:134,0
DA:138,0
DA:148,0
DA:149,0
DA:152,0
DA:153,0
DA:154,0
DA:157,0
DA:158,0
DA:159,0
DA:162,0
DA:163,0
DA:164,0
DA:170,0
DA:171,0
DA:172,0
DA:173,0
DA:178,0
DA:179,0
DA:181,0
DA:183,0
DA:184,0
DA:185,0
DA:188,0
DA:190,0
DA:191,0
DA:192,0
DA:193,0
DA:196,0
DA:197,0
DA:198,0
LF:94
LH:0
BRDA:6,0,0,0
BRDA:6,0,1,0
BRDA:36,1,0,0
BRDA:36,1,1,0
BRDA:43,2,0,0
BRDA:43,2,1,0
BRDA:56,3,0,0
BRDA:56,3,1,0
BRDA:63,4,0,0
BRDA:63,4,1,0
BRDA:73,5,0,0
BRDA:73,5,1,0
BRDA:78,6,0,0
BRDA:78,6,1,0
BRDA:83,7,0,0
BRDA:83,7,1,0
BRDA:99,8,0,0
BRDA:99,8,1,0
BRDA:108,9,0,0
BRDA:108,9,1,0
BRDA:118,10,0,0
BRDA:118,10,1,0
BRDA:148,11,0,0
BRDA:148,11,1,0
BRF:24
BRH:0
end_of_record
TN:
SF:app\services\authGuard.ts
FN:10,ensureAnonymousAuth
FN:18,(anonymous_2)
FN:19,(anonymous_3)
FN:23,(anonymous_4)
FN:34,watchAuth
FN:37,(anonymous_6)
FN:48,(anonymous_7)
FNF:7
FNH:0
FNDA:0,ensureAnonymousAuth
FNDA:0,(anonymous_2)
FNDA:0,(anonymous_3)
FNDA:0,(anonymous_4)
FNDA:0,watchAuth
FNDA:0,(anonymous_6)
FNDA:0,(anonymous_7)
DA:1,0
DA:3,0
DA:4,0
DA:5,0
DA:10,0
DA:11,0
DA:12,0
DA:13,0
DA:15,0
DA:16,0
DA:18,0
DA:20,0
DA:21,0
DA:24,0
DA:25,0
DA:28,0
DA:34,0
DA:35,0
DA:37,0
DA:38,0
DA:39,0
DA:40,0
DA:42,0
DA:43,0
DA:44,0
DA:48,0
DA:49,0
DA:50,0
DA:51,0
LF:29
LH:0
BRDA:12,0,0,0
BRDA:12,0,1,0
BRDA:13,1,0,0
BRDA:13,1,1,0
BRDA:20,2,0,0
BRDA:20,2,1,0
BRDA:35,3,0,0
BRDA:35,3,1,0
BRDA:38,4,0,0
BRDA:38,4,1,0
BRDA:42,5,0,0
BRDA:42,5,1,0
BRDA:44,6,0,0
BRDA:44,6,1,0
BRDA:49,7,0,0
BRDA:49,7,1,0
BRF:16
BRH:0
end_of_record
TN:
SF:app\services\banner-ads.ts
FN:12,(anonymous_0)
FN:21,(anonymous_1)
FNF:2
FNH:0
FNDA:0,(anonymous_0)
FNDA:0,(anonymous_1)
DA:1,0
DA:3,0
DA:12,0
DA:13,0
DA:14,0
DA:17,0
DA:21,0
DA:22,0
DA:23,0
DA:24,0
DA:26,0
DA:27,0
DA:28,0
DA:30,0
DA:32,0
DA:33,0
LF:16
LH:0
BRDA:14,0,0,0
BRDA:14,0,1,0
BRDA:23,1,0,0
BRDA:23,1,1,0
BRF:4
BRH:0
end_of_record
TN:
SF:app\services\firebase.ts
FN:3,(anonymous_1)
FN:3,(anonymous_2)
FN:11,getDeviceUID
FN:32,getSavedUID
FN:41,saveUID
FN:50,getSavedUserData
FN:60,saveUserData
FN:73,(anonymous_8)
FNF:8
FNH:0
FNDA:0,(anonymous_1)
FNDA:0,(anonymous_2)
FNDA:0,getDeviceUID
FNDA:0,getSavedUID
FNDA:0,saveUID
FNDA:0,getSavedUserData
FNDA:0,saveUserData
FNDA:0,(anonymous_8)
DA:1,0
DA:3,0
DA:4,0
DA:8,0
DA:11,0
DA:12,0
DA:13,0
DA:15,0
DA:17,0
DA:18,0
DA:19,0
DA:21,0
DA:24,0
DA:26,0
DA:27,0
DA:33,0
DA:34,0
DA:36,0
DA:42,0
DA:43,0
DA:51,0
DA:52,0
DA:53,0
DA:55,0
DA:61,0
DA:62,0
DA:73,0
LF:27
LH:0
BRDA:15,0,0,0
BRDA:15,0,1,0
BRDA:53,1,0,0
BRDA:53,1,1,0
BRF:4
BRH:0
end_of_record
TN:
SF:app\services\notifications.ts
FN:10,(anonymous_10)
FN:23,registerForPushNotificationsAsync
FN:64,saveExpoPushTokenToFirestore
FN:84,saveFCMToken
FN:94,getFCMToken
FN:107,ensureDailyNotification
FN:110,(anonymous_16)
FN:115,(anonymous_17)
FN:145,scheduleStreakNotification
FN:172,setupNotificationListener
FN:173,(anonymous_20)
FN:177,(anonymous_21)
FN:182,(anonymous_22)
FN:189,initializeNotifications
FN:232,(anonymous_24)
FN:237,reRegisterPushToken
FNF:16
FNH:0
FNDA:0,(anonymous_10)
FNDA:0,registerForPushNotificationsAsync
FNDA:0,saveExpoPushTokenToFirestore
FNDA:0,saveFCMToken
FNDA:0,getFCMToken
FNDA:0,ensureDailyNotification
FNDA:0,(anonymous_16)
FNDA:0,(anonymous_17)
FNDA:0,scheduleStreakNotification
FNDA:0,setupNotificationListener
FNDA:0,(anonymous_20)
FNDA:0,(anonymous_21)
FNDA:0,(anonymous_22)
FNDA:0,initializeNotifications
FNDA:0,(anonymous_24)
FNDA:0,reRegisterPushToken
DA:1,0
DA:2,0
DA:3,0
DA:4,0
DA:5,0
DA:6,0
DA:9,0
DA:10,0
DA:20,0
DA:23,0
DA:26,0
DA:27,0
DA:35,0
DA:36,0
DA:37,0
DA:39,0
DA:40,0
DA:41,0
DA:44,0
DA:45,0
DA:46,0
DA:50,0
DA:54,0
DA:56,0
DA:59,0
DA:64,0
DA:65,0
DA:66,0
DA:67,0
DA:77,0
DA:79,0
DA:84,0
DA:85,0
DA:86,0
DA:87,0
DA:89,0
DA:94,0
DA:95,0
DA:96,0
DA:98,0
DA:99,0
DA:107,0
DA:108,0
DA:109,0
DA:110,0
DA:113,0
DA:114,0
DA:115,0
DA:117,0
DA:121,0
DA:124,0
DA:136,0
DA:138,0
DA:145,0
DA:146,0
DA:147,0
DA:148,0
DA:156,0
DA:157,0
DA:167,0
DA:172,0
DA:173,0
DA:174,0
DA:177,0
DA:178,0
DA:182,0
DA:183,0
DA:184,0
DA:189,0
DA:190,0
DA:191,0
DA:192,0
DA:193,0
DA:196,0
DA:197,0
DA:206,0
DA:207,0
DA:208,0
DA:209,0
DA:210,0
DA:211,0
DA:212,0
DA:213,0
DA:216,0
DA:219,0
DA:220,0
DA:223,0
DA:229,0
DA:231,0
DA:232,0
DA:237,0
DA:238,0
DA:239,0
DA:240,0
DA:241,0
DA:242,0
DA:243,0
DA:245,0
DA:246,0
DA:249,0
DA:253,0
DA:254,0
DA:255,0
DA:256,0
DA:259,0
DA:260,0
DA:261,0
DA:263,0
DA:264,0
DA:265,0
LF:110
LH:0
BRDA:26,0,0,0
BRDA:26,0,1,0
BRDA:35,1,0,0
BRDA:35,1,1,0
BRDA:39,2,0,0
BRDA:39,2,1,0
BRDA:44,3,0,0
BRDA:44,3,1,0
BRDA:107,4,0,0
BRDA:107,5,0,0
BRDA:113,6,0,0
BRDA:113,6,1,0
BRDA:121,7,0,0
BRDA:121,7,1,0
BRDA:147,8,0,0
BRDA:147,8,1,0
BRDA:156,9,0,0
BRDA:156,9,1,0
BRDA:189,10,0,0
BRDA:189,11,0,0
BRDA:192,12,0,0
BRDA:192,12,1,0
BRDA:196,13,0,0
BRDA:196,13,1,0
BRDA:208,14,0,0
BRDA:208,14,1,0
BRDA:212,15,0,0
BRDA:212,15,1,0
BRDA:213,16,0,0
BRDA:213,16,1,0
BRDA:241,17,0,0
BRDA:241,17,1,0
BRDA:245,18,0,0
BRDA:245,18,1,0
BRDA:255,19,0,0
BRDA:255,19,1,0
BRDA:259,20,0,0
BRDA:259,20,1,0
BRDA:263,21,0,0
BRDA:263,21,1,0
BRF:40
BRH:0
end_of_record
TN:
SF:app\services\store.ts
FN:17,(anonymous_1)
FN:37,(anonymous_2)
FN:64,(anonymous_3)
FN:78,(anonymous_4)
FN:93,(anonymous_5)
FN:167,(anonymous_6)
FN:213,(anonymous_7)
FN:237,(anonymous_8)
FN:251,(anonymous_9)
FN:277,(anonymous_10)
FN:324,(anonymous_11)
FN:388,(anonymous_12)
FN:399,(anonymous_13)
FN:411,(anonymous_14)
FN:418,(anonymous_15)
FN:419,(anonymous_16)
FN:421,(anonymous_17)
FN:429,(anonymous_18)
FN:432,(anonymous_19)
FN:443,(anonymous_20)
FN:457,(anonymous_21)
FN:478,(anonymous_22)
FN:501,(anonymous_23)
FN:529,(anonymous_24)
FN:532,(anonymous_25)
FN:551,rewardWithMajority
FN:558,(anonymous_27)
FN:587,watchAggregation
FN:593,(anonymous_29)
FN:595,(anonymous_30)
FNF:30
FNH:0
FNDA:0,(anonymous_1)
FNDA:0,(anonymous_2)
FNDA:0,(anonymous_3)
FNDA:0,(anonymous_4)
FNDA:0,(anonymous_5)
FNDA:0,(anonymous_6)
FNDA:0,(anonymous_7)
FNDA:0,(anonymous_8)
FNDA:0,(anonymous_9)
FNDA:0,(anonymous_10)
FNDA:0,(anonymous_11)
FNDA:0,(anonymous_12)
FNDA:0,(anonymous_13)
FNDA:0,(anonymous_14)
FNDA:0,(anonymous_15)
FNDA:0,(anonymous_16)
FNDA:0,(anonymous_17)
FNDA:0,(anonymous_18)
FNDA:0,(anonymous_19)
FNDA:0,(anonymous_20)
FNDA:0,(anonymous_21)
FNDA:0,(anonymous_22)
FNDA:0,(anonymous_23)
FNDA:0,(anonymous_24)
FNDA:0,(anonymous_25)
FNDA:0,rewardWithMajority
FNDA:0,(anonymous_27)
FNDA:0,watchAggregation
FNDA:0,(anonymous_29)
FNDA:0,(anonymous_30)
DA:2,0
DA:3,0
DA:5,0
DA:6,0
DA:7,0
DA:8,0
DA:9,0
DA:10,0
DA:14,0
DA:15,0
DA:17,0
DA:18,0
DA:20,0
DA:21,0
DA:22,0
DA:24,0
DA:37,0
DA:38,0
DA:39,0
DA:40,0
DA:43,0
DA:44,0
DA:45,0
DA:47,0
DA:48,0
DA:50,0
DA:54,0
DA:55,0
DA:56,0
DA:57,0
DA:59,0
DA:60,0
DA:61,0
DA:64,0
DA:65,0
DA:66,0
DA:68,0
DA:69,0
DA:70,0
DA:71,0
DA:72,0
DA:73,0
DA:74,0
DA:77,0
DA:78,0
DA:79,0
DA:80,0
DA:83,0
DA:84,0
DA:85,0
DA:87,0
DA:89,0
DA:93,0
DA:94,0
DA:95,0
DA:96,0
DA:100,0
DA:102,0
DA:104,0
DA:105,0
DA:106,0
DA:109,0
DA:114,0
DA:128,0
DA:129,0
DA:130,0
DA:136,0
DA:140,0
DA:141,0
DA:154,0
DA:156,0
DA:167,0
DA:168,0
DA:169,0
DA:170,0
DA:174,0
DA:178,0
DA:179,0
DA:180,0
DA:184,0
DA:185,0
DA:186,0
DA:189,0
DA:190,0
DA:192,0
DA:193,0
DA:196,0
DA:198,0
DA:199,0
DA:200,0
DA:202,0
DA:203,0
DA:213,0
DA:214,0
DA:215,0
DA:216,0
DA:217,0
DA:219,0
DA:220,0
DA:221,0
DA:223,0
DA:224,0
DA:237,0
DA:238,0
DA:239,0
DA:241,0
DA:243,0
DA:244,0
DA:245,0
DA:248,0
DA:251,0
DA:253,0
DA:254,0
DA:258,0
DA:259,0
DA:260,0
DA:263,0
DA:264,0
DA:266,0
DA:268,0
DA:277,0
DA:278,0
DA:279,0
DA:280,0
DA:281,0
DA:284,0
DA:285,0
DA:286,0
DA:289,0
DA:292,0
DA:294,0
DA:301,0
DA:305,0
DA:308,0
DA:309,0
DA:316,0
DA:323,0
DA:324,0
DA:325,0
DA:326,0
DA:327,0
DA:329,0
DA:332,0
DA:333,0
DA:334,0
DA:335,0
DA:336,0
DA:337,0
DA:338,0
DA:340,0
DA:341,0
DA:342,0
DA:346,0
DA:352,0
DA:353,0
DA:360,0
DA:363,0
DA:365,0
DA:366,0
DA:371,0
DA:374,0
DA:375,0
DA:376,0
DA:377,0
DA:378,0
DA:379,0
DA:382,0
DA:388,0
DA:391,0
DA:392,0
DA:395,0
DA:399,0
DA:404,0
DA:411,0
DA:413,0
DA:418,0
DA:419,0
DA:420,0
DA:421,0
DA:422,0
DA:423,0
DA:429,0
DA:430,0
DA:431,0
DA:432,0
DA:435,0
DA:436,0
DA:438,0
DA:439,0
DA:443,0
DA:444,0
DA:445,0
DA:452,0
DA:457,0
DA:458,0
DA:459,0
DA:461,0
DA:462,0
DA:464,0
DA:466,0
DA:467,0
DA:468,0
DA:469,0
DA:470,0
DA:471,0
DA:472,0
DA:474,0
DA:478,0
DA:479,0
DA:480,0
DA:482,0
DA:484,0
DA:485,0
DA:487,0
DA:492,0
DA:493,0
DA:494,0
DA:498,0
DA:500,0
DA:501,0
DA:502,0
DA:503,0
DA:508,0
DA:509,0
DA:510,0
DA:514,0
DA:515,0
DA:516,0
DA:517,0
DA:518,0
DA:519,0
DA:529,0
DA:530,0
DA:531,0
DA:532,0
DA:533,0
DA:534,0
DA:535,0
DA:537,0
DA:538,0
DA:539,0
DA:540,0
DA:551,0
DA:557,0
DA:558,0
DA:559,0
DA:560,0
DA:561,0
DA:564,0
DA:567,0
DA:568,0
DA:570,0
DA:571,0
DA:575,0
DA:576,0
DA:577,0
DA:579,0
DA:587,0
DA:591,0
DA:593,0
DA:594,0
DA:595,0
DA:596,0
DA:597,0
DA:598,0
DA:600,0
DA:601,0
DA:602,0
DA:603,0
DA:606,0
LF:270
LH:0
BRDA:40,0,0,0
BRDA:40,0,1,0
BRDA:43,1,0,0
BRDA:43,1,1,0
BRDA:47,2,0,0
BRDA:47,2,1,0
BRDA:47,3,0,0
BRDA:47,3,1,0
BRDA:59,4,0,0
BRDA:59,4,1,0
BRDA:66,5,0,0
BRDA:66,5,1,0
BRDA:68,6,0,0
BRDA:68,6,1,0
BRDA:74,7,0,0
BRDA:74,7,1,0
BRDA:77,8,0,0
BRDA:77,8,1,0
BRDA:77,9,0,0
BRDA:77,9,1,0
BRDA:80,10,0,0
BRDA:80,10,1,0
BRDA:83,11,0,0
BRDA:83,11,1,0
BRDA:85,12,0,0
BRDA:85,12,1,0
BRDA:94,13,0,0
BRDA:94,13,1,0
BRDA:97,14,0,0
BRDA:97,14,1,0
BRDA:97,15,0,0
BRDA:97,15,1,0
BRDA:98,16,0,0
BRDA:98,16,1,0
BRDA:100,17,0,0
BRDA:100,17,1,0
BRDA:100,18,0,0
BRDA:100,18,1,0
BRDA:100,18,2,0
BRDA:109,19,0,0
BRDA:109,19,1,0
BRDA:116,20,0,0
BRDA:116,20,1,0
BRDA:117,21,0,0
BRDA:117,21,1,0
BRDA:118,22,0,0
BRDA:118,22,1,0
BRDA:118,23,0,0
BRDA:118,23,1,0
BRDA:120,24,0,0
BRDA:120,24,1,0
BRDA:121,25,0,0
BRDA:121,25,1,0
BRDA:122,26,0,0
BRDA:122,26,1,0
BRDA:132,27,0,0
BRDA:132,27,1,0
BRDA:168,28,0,0
BRDA:168,28,1,0
BRDA:174,29,0,0
BRDA:174,29,1,0
BRDA:174,30,0,0
BRDA:174,30,1,0
BRDA:178,31,0,0
BRDA:178,31,1,0
BRDA:178,32,0,0
BRDA:178,32,1,0
BRDA:198,33,0,0
BRDA:198,33,1,0
BRDA:198,34,0,0
BRDA:198,34,1,0
BRDA:217,35,0,0
BRDA:217,35,1,0
BRDA:219,36,0,0
BRDA:219,36,1,0
BRDA:243,37,0,0
BRDA:243,37,1,0
BRDA:259,38,0,0
BRDA:259,38,1,0
BRDA:279,39,0,0
BRDA:279,39,1,0
BRDA:286,40,0,0
BRDA:286,40,1,0
BRDA:316,41,0,0
BRDA:316,41,1,0
BRDA:326,42,0,0
BRDA:326,42,1,0
BRDA:341,43,0,0
BRDA:341,43,1,0
BRDA:342,44,0,0
BRDA:342,44,1,0
BRDA:352,45,0,0
BRDA:352,45,1,0
BRDA:374,46,0,0
BRDA:374,46,1,0
BRDA:377,47,0,0
BRDA:377,47,1,0
BRDA:377,48,0,0
BRDA:377,48,1,0
BRDA:392,49,0,0
BRDA:392,49,1,0
BRDA:420,50,0,0
BRDA:420,50,1,0
BRDA:420,51,0,0
BRDA:420,51,1,0
BRDA:423,52,0,0
BRDA:423,52,1,0
BRDA:431,53,0,0
BRDA:431,53,1,0
BRDA:432,54,0,0
BRDA:432,54,1,0
BRDA:466,55,0,0
BRDA:466,55,1,0
BRDA:466,56,0,0
BRDA:466,56,1,0
BRDA:482,57,0,0
BRDA:482,57,1,0
BRDA:500,58,0,0
BRDA:500,58,1,0
BRDA:502,59,0,0
BRDA:502,59,1,0
BRDA:534,60,0,0
BRDA:534,60,1,0
BRDA:535,61,0,0
BRDA:535,61,1,0
BRDA:538,62,0,0
BRDA:538,62,1,0
BRDA:559,63,0,0
BRDA:559,63,1,0
BRDA:560,64,0,0
BRDA:560,64,1,0
BRDA:564,65,0,0
BRDA:564,65,1,0
BRDA:567,66,0,0
BRDA:567,66,1,0
BRDA:567,67,0,0
BRDA:567,67,1,0
BRDA:575,68,0,0
BRDA:575,68,1,0
BRDA:576,69,0,0
BRDA:576,69,1,0
BRDA:597,70,0,0
BRDA:597,70,1,0
BRDA:598,71,0,0
BRDA:598,71,1,0
BRDA:601,72,0,0
BRDA:601,72,1,0
BRF:147
BRH:0
end_of_record
TN:
SF:app\styles\colors.ts
FNF:0
FNH:0
DA:2,0
LF:1
LH:0
BRF:0
BRH:0
end_of_record
TN:
SF:app\utils\abtest.ts
FN:2,pickSlot
FNF:1
FNH:0
FNDA:0,pickSlot
DA:2,0
DA:3,0
DA:4,0
DA:5,0
LF:4
LH:0
BRDA:2,0,0,0
BRDA:5,1,0,0
BRDA:5,1,1,0
BRF:3
BRH:0
end_of_record
TN:
SF:app\utils\date.ts
FN:2,(anonymous_0)
FN:10,(anonymous_1)
FNF:2
FNH:2
FNDA:2,(anonymous_0)
FNDA:3,(anonymous_1)
DA:2,1
DA:4,2
DA:5,2
DA:6,2
DA:10,1
DA:11,3
DA:12,3
DA:13,3
DA:14,3
DA:15,3
DA:16,3
LF:11
LH:11
BRF:0
BRH:0
end_of_record
TN:
SF:app\utils\nickname.ts
FN:20,generateRandomNickname
FN:28,generateNicknameList
FNF:2
FNH:0
FNDA:0,generateRandomNickname
FNDA:0,generateNicknameList
DA:3,0
DA:10,0
DA:18,0
DA:20,0
DA:21,0
DA:22,0
DA:23,0
DA:25,0
DA:28,0
DA:29,0
DA:30,0
DA:32,0
DA:33,0
DA:34,0
DA:36,0
DA:37,0
DA:38,0
DA:42,0
LF:18
LH:0
BRDA:28,0,0,0
BRDA:36,1,0,0
BRDA:36,1,1,0
BRF:3
BRH:0
end_of_record
TN:
SF:app\utils\rewards.ts
FN:6,getStreakMultiplier
FN:16,getBasePoints
FN:26,calculateTotalPoints
FN:39,isMajorityChoice
FNF:4
FNH:4
FNDA:21,getStreakMultiplier
FNDA:8,getBasePoints
FNDA:6,calculateTotalPoints
FNDA:9,isMajorityChoice
DA:6,1
DA:7,21
DA:8,19
DA:16,1
DA:17,8
DA:26,1
DA:27,6
DA:28,6
DA:29,6
DA:39,1
DA:40,9
DA:41,7
DA:42,7
LF:13
LH:13
BRDA:7,0,0,2
BRDA:7,0,1,19
BRDA:8,1,0,6
BRDA:8,1,1,13
BRDA:8,2,0,7
BRDA:8,2,1,6
BRDA:17,3,0,4
BRDA:17,3,1,4
BRDA:40,4,0,2
BRDA:40,4,1,7
BRDA:41,5,0,3
BRDA:41,5,1,4
BRF:12
BRH:12
end_of_record
